2023-04-02 11:54:22.317  INFO 5187 --- [main] c.e.w.WebSeviceDemoApplication           : Starting WebSeviceDemoApplication using Java 11.0.13 on chaemyeongjeong-ui-MacBookAir.local with PID 5187 (/Users/chaemyeongjeong/IdeaProjects/web-service-demo/build/classes/java/main started by chaemyeongjeong in /Users/chaemyeongjeong/IdeaProjects/web-service-demo)
2023-04-02 11:54:22.327  INFO 5187 --- [main] c.e.w.WebSeviceDemoApplication           : No active profile set, falling back to 1 default profile: "default"
2023-04-02 11:54:23.284  INFO 5187 --- [main] .s.d.r.c.RepositoryConfigurationDelegate : Bootstrapping Spring Data JPA repositories in DEFAULT mode.
2023-04-02 11:54:23.389  INFO 5187 --- [main] .s.d.r.c.RepositoryConfigurationDelegate : Finished Spring Data repository scanning in 100 ms. Found 8 JPA repository interfaces.
2023-04-02 11:54:23.560  WARN 5187 --- [main] com.amazonaws.util.EC2MetadataUtils      : Unable to retrieve the requested metadata (/latest/meta-data/instance-id). EC2 Instance Metadata Service is disabled

com.amazonaws.AmazonClientException: EC2 Instance Metadata Service is disabled
	at com.amazonaws.internal.InstanceMetadataServiceResourceFetcher.readResource(InstanceMetadataServiceResourceFetcher.java:65) ~[aws-java-sdk-core-1.11.792.jar:na]
	at com.amazonaws.internal.EC2ResourceFetcher.readResource(EC2ResourceFetcher.java:66) ~[aws-java-sdk-core-1.11.792.jar:na]
	at com.amazonaws.util.EC2MetadataUtils.getItems(EC2MetadataUtils.java:402) ~[aws-java-sdk-core-1.11.792.jar:na]
	at com.amazonaws.util.EC2MetadataUtils.getData(EC2MetadataUtils.java:371) ~[aws-java-sdk-core-1.11.792.jar:na]
	at org.springframework.cloud.aws.context.support.env.AwsCloudEnvironmentCheckUtils.isRunningOnCloudEnvironment(AwsCloudEnvironmentCheckUtils.java:38) ~[spring-cloud-aws-context-2.2.6.RELEASE.jar:2.2.6.RELEASE]
	at org.springframework.cloud.aws.context.annotation.OnAwsCloudEnvironmentCondition.matches(OnAwsCloudEnvironmentCondition.java:38) ~[spring-cloud-aws-context-2.2.6.RELEASE.jar:2.2.6.RELEASE]
	at org.springframework.context.annotation.ConditionEvaluator.shouldSkip(ConditionEvaluator.java:108) ~[spring-context-5.3.24.jar:5.3.24]
	at org.springframework.context.annotation.ConfigurationClassBeanDefinitionReader$TrackedConditionEvaluator.shouldSkip(ConfigurationClassBeanDefinitionReader.java:489) ~[spring-context-5.3.24.jar:5.3.24]
	at org.springframework.context.annotation.ConfigurationClassBeanDefinitionReader.loadBeanDefinitionsForConfigurationClass(ConfigurationClassBeanDefinitionReader.java:140) ~[spring-context-5.3.24.jar:5.3.24]
	at org.springframework.context.annotation.ConfigurationClassBeanDefinitionReader.loadBeanDefinitions(ConfigurationClassBeanDefinitionReader.java:129) ~[spring-context-5.3.24.jar:5.3.24]
	at org.springframework.context.annotation.ConfigurationClassPostProcessor.processConfigBeanDefinitions(ConfigurationClassPostProcessor.java:343) ~[spring-context-5.3.24.jar:5.3.24]
	at org.springframework.context.annotation.ConfigurationClassPostProcessor.postProcessBeanDefinitionRegistry(ConfigurationClassPostProcessor.java:247) ~[spring-context-5.3.24.jar:5.3.24]
	at org.springframework.context.support.PostProcessorRegistrationDelegate.invokeBeanDefinitionRegistryPostProcessors(PostProcessorRegistrationDelegate.java:311) ~[spring-context-5.3.24.jar:5.3.24]
	at org.springframework.context.support.PostProcessorRegistrationDelegate.invokeBeanFactoryPostProcessors(PostProcessorRegistrationDelegate.java:112) ~[spring-context-5.3.24.jar:5.3.24]
	at org.springframework.context.support.AbstractApplicationContext.invokeBeanFactoryPostProcessors(AbstractApplicationContext.java:746) ~[spring-context-5.3.24.jar:5.3.24]
	at org.springframework.context.support.AbstractApplicationContext.refresh(AbstractApplicationContext.java:564) ~[spring-context-5.3.24.jar:5.3.24]
	at org.springframework.boot.web.servlet.context.ServletWebServerApplicationContext.refresh(ServletWebServerApplicationContext.java:147) ~[spring-boot-2.7.6.jar:2.7.6]
	at org.springframework.boot.SpringApplication.refresh(SpringApplication.java:731) ~[spring-boot-2.7.6.jar:2.7.6]
	at org.springframework.boot.SpringApplication.refreshContext(SpringApplication.java:408) ~[spring-boot-2.7.6.jar:2.7.6]
	at org.springframework.boot.SpringApplication.run(SpringApplication.java:307) ~[spring-boot-2.7.6.jar:2.7.6]
	at org.springframework.boot.SpringApplication.run(SpringApplication.java:1303) ~[spring-boot-2.7.6.jar:2.7.6]
	at org.springframework.boot.SpringApplication.run(SpringApplication.java:1292) ~[spring-boot-2.7.6.jar:2.7.6]
	at com.example.websevicedemo.WebSeviceDemoApplication.main(WebSeviceDemoApplication.java:10) ~[main/:na]

2023-04-02 11:54:23.883  INFO 5187 --- [main] trationDelegate$BeanPostProcessorChecker : Bean '(inner bean)#1b410308' of type [com.amazonaws.auth.BasicAWSCredentials] is not eligible for getting processed by all BeanPostProcessors (for example: not eligible for auto-proxying)
2023-04-02 11:54:23.884  INFO 5187 --- [main] trationDelegate$BeanPostProcessorChecker : Bean '(inner bean)#60e3c26e' of type [com.amazonaws.auth.AWSStaticCredentialsProvider] is not eligible for getting processed by all BeanPostProcessors (for example: not eligible for auto-proxying)
2023-04-02 11:54:23.892  INFO 5187 --- [main] trationDelegate$BeanPostProcessorChecker : Bean '(inner bean)#771a7d53' of type [com.amazonaws.auth.profile.ProfileCredentialsProvider] is not eligible for getting processed by all BeanPostProcessors (for example: not eligible for auto-proxying)
2023-04-02 11:54:23.897  INFO 5187 --- [main] trationDelegate$BeanPostProcessorChecker : Bean 'credentialsProvider' of type [org.springframework.cloud.aws.core.credentials.CredentialsProviderFactoryBean] is not eligible for getting processed by all BeanPostProcessors (for example: not eligible for auto-proxying)
2023-04-02 11:54:23.900  INFO 5187 --- [main] trationDelegate$BeanPostProcessorChecker : Bean 'credentialsProvider' of type [com.amazonaws.auth.AWSCredentialsProviderChain] is not eligible for getting processed by all BeanPostProcessors (for example: not eligible for auto-proxying)
2023-04-02 11:54:24.196  INFO 5187 --- [main] o.s.b.w.embedded.tomcat.TomcatWebServer  : Tomcat initialized with port(s): 8080 (http)
2023-04-02 11:54:24.204  INFO 5187 --- [main] o.apache.catalina.core.StandardService   : Starting service [Tomcat]
2023-04-02 11:54:24.204  INFO 5187 --- [main] org.apache.catalina.core.StandardEngine  : Starting Servlet engine: [Apache Tomcat/9.0.69]
2023-04-02 11:54:24.331  INFO 5187 --- [main] o.a.c.c.C.[Tomcat].[localhost].[/]       : Initializing Spring embedded WebApplicationContext
2023-04-02 11:54:24.333  INFO 5187 --- [main] w.s.c.ServletWebServerApplicationContext : Root WebApplicationContext: initialization completed in 1957 ms
2023-04-02 11:54:24.629  INFO 5187 --- [main] o.hibernate.jpa.internal.util.LogHelper  : HHH000204: Processing PersistenceUnitInfo [name: default]
2023-04-02 11:54:24.653  INFO 5187 --- [main] org.hibernate.Version                    : HHH000412: Hibernate ORM core version 5.6.14.Final
2023-04-02 11:54:24.726  INFO 5187 --- [main] o.hibernate.annotations.common.Version   : HCANN000001: Hibernate Commons Annotations {5.1.2.Final}
2023-04-02 11:54:24.738 DEBUG 5187 --- [main] org.hibernate.type.BasicTypeRegistry     : Adding type registration boolean -> org.hibernate.type.BooleanType@53ba1175
2023-04-02 11:54:24.739 DEBUG 5187 --- [main] org.hibernate.type.BasicTypeRegistry     : Adding type registration boolean -> org.hibernate.type.BooleanType@53ba1175
2023-04-02 11:54:24.739 DEBUG 5187 --- [main] org.hibernate.type.BasicTypeRegistry     : Adding type registration java.lang.Boolean -> org.hibernate.type.BooleanType@53ba1175
2023-04-02 11:54:24.739 DEBUG 5187 --- [main] org.hibernate.type.BasicTypeRegistry     : Adding type registration numeric_boolean -> org.hibernate.type.NumericBooleanType@1584c019
2023-04-02 11:54:24.739 DEBUG 5187 --- [main] org.hibernate.type.BasicTypeRegistry     : Adding type registration true_false -> org.hibernate.type.TrueFalseType@5817f1ca
2023-04-02 11:54:24.740 DEBUG 5187 --- [main] org.hibernate.type.BasicTypeRegistry     : Adding type registration yes_no -> org.hibernate.type.YesNoType@7dd91ffc
2023-04-02 11:54:24.740 DEBUG 5187 --- [main] org.hibernate.type.BasicTypeRegistry     : Adding type registration byte -> org.hibernate.type.ByteType@ec5f944
2023-04-02 11:54:24.740 DEBUG 5187 --- [main] org.hibernate.type.BasicTypeRegistry     : Adding type registration byte -> org.hibernate.type.ByteType@ec5f944
2023-04-02 11:54:24.740 DEBUG 5187 --- [main] org.hibernate.type.BasicTypeRegistry     : Adding type registration java.lang.Byte -> org.hibernate.type.ByteType@ec5f944
2023-04-02 11:54:24.741 DEBUG 5187 --- [main] org.hibernate.type.BasicTypeRegistry     : Adding type registration character -> org.hibernate.type.CharacterType@2f1f9515
2023-04-02 11:54:24.741 DEBUG 5187 --- [main] org.hibernate.type.BasicTypeRegistry     : Adding type registration char -> org.hibernate.type.CharacterType@2f1f9515
2023-04-02 11:54:24.741 DEBUG 5187 --- [main] org.hibernate.type.BasicTypeRegistry     : Adding type registration java.lang.Character -> org.hibernate.type.CharacterType@2f1f9515
2023-04-02 11:54:24.741 DEBUG 5187 --- [main] org.hibernate.type.BasicTypeRegistry     : Adding type registration short -> org.hibernate.type.ShortType@5b3518e1
2023-04-02 11:54:24.742 DEBUG 5187 --- [main] org.hibernate.type.BasicTypeRegistry     : Adding type registration short -> org.hibernate.type.ShortType@5b3518e1
2023-04-02 11:54:24.742 DEBUG 5187 --- [main] org.hibernate.type.BasicTypeRegistry     : Adding type registration java.lang.Short -> org.hibernate.type.ShortType@5b3518e1
2023-04-02 11:54:24.742 DEBUG 5187 --- [main] org.hibernate.type.BasicTypeRegistry     : Adding type registration integer -> org.hibernate.type.IntegerType@75ed7512
2023-04-02 11:54:24.742 DEBUG 5187 --- [main] org.hibernate.type.BasicTypeRegistry     : Adding type registration int -> org.hibernate.type.IntegerType@75ed7512
2023-04-02 11:54:24.742 DEBUG 5187 --- [main] org.hibernate.type.BasicTypeRegistry     : Adding type registration java.lang.Integer -> org.hibernate.type.IntegerType@75ed7512
2023-04-02 11:54:24.743 DEBUG 5187 --- [main] org.hibernate.type.BasicTypeRegistry     : Adding type registration long -> org.hibernate.type.LongType@7ab33ca8
2023-04-02 11:54:24.743 DEBUG 5187 --- [main] org.hibernate.type.BasicTypeRegistry     : Adding type registration long -> org.hibernate.type.LongType@7ab33ca8
2023-04-02 11:54:24.744 DEBUG 5187 --- [main] org.hibernate.type.BasicTypeRegistry     : Adding type registration java.lang.Long -> org.hibernate.type.LongType@7ab33ca8
2023-04-02 11:54:24.744 DEBUG 5187 --- [main] org.hibernate.type.BasicTypeRegistry     : Adding type registration float -> org.hibernate.type.FloatType@709d86a2
2023-04-02 11:54:24.747 DEBUG 5187 --- [main] org.hibernate.type.BasicTypeRegistry     : Adding type registration float -> org.hibernate.type.FloatType@709d86a2
2023-04-02 11:54:24.747 DEBUG 5187 --- [main] org.hibernate.type.BasicTypeRegistry     : Adding type registration java.lang.Float -> org.hibernate.type.FloatType@709d86a2
2023-04-02 11:54:24.748 DEBUG 5187 --- [main] org.hibernate.type.BasicTypeRegistry     : Adding type registration double -> org.hibernate.type.DoubleType@3e8b8f0
2023-04-02 11:54:24.748 DEBUG 5187 --- [main] org.hibernate.type.BasicTypeRegistry     : Adding type registration double -> org.hibernate.type.DoubleType@3e8b8f0
2023-04-02 11:54:24.748 DEBUG 5187 --- [main] org.hibernate.type.BasicTypeRegistry     : Adding type registration java.lang.Double -> org.hibernate.type.DoubleType@3e8b8f0
2023-04-02 11:54:24.748 DEBUG 5187 --- [main] org.hibernate.type.BasicTypeRegistry     : Adding type registration big_decimal -> org.hibernate.type.BigDecimalType@4b98225c
2023-04-02 11:54:24.748 DEBUG 5187 --- [main] org.hibernate.type.BasicTypeRegistry     : Adding type registration java.math.BigDecimal -> org.hibernate.type.BigDecimalType@4b98225c
2023-04-02 11:54:24.749 DEBUG 5187 --- [main] org.hibernate.type.BasicTypeRegistry     : Adding type registration big_integer -> org.hibernate.type.BigIntegerType@5aab5b31
2023-04-02 11:54:24.749 DEBUG 5187 --- [main] org.hibernate.type.BasicTypeRegistry     : Adding type registration java.math.BigInteger -> org.hibernate.type.BigIntegerType@5aab5b31
2023-04-02 11:54:24.749 DEBUG 5187 --- [main] org.hibernate.type.BasicTypeRegistry     : Adding type registration string -> org.hibernate.type.StringType@4e4d0a0b
2023-04-02 11:54:24.749 DEBUG 5187 --- [main] org.hibernate.type.BasicTypeRegistry     : Adding type registration java.lang.String -> org.hibernate.type.StringType@4e4d0a0b
2023-04-02 11:54:24.750 DEBUG 5187 --- [main] org.hibernate.type.BasicTypeRegistry     : Adding type registration nstring -> org.hibernate.type.StringNVarcharType@62108cd3
2023-04-02 11:54:24.750 DEBUG 5187 --- [main] org.hibernate.type.BasicTypeRegistry     : Adding type registration ncharacter -> org.hibernate.type.CharacterNCharType@bd273b2
2023-04-02 11:54:24.751 DEBUG 5187 --- [main] org.hibernate.type.BasicTypeRegistry     : Adding type registration url -> org.hibernate.type.UrlType@6f24ce45
2023-04-02 11:54:24.751 DEBUG 5187 --- [main] org.hibernate.type.BasicTypeRegistry     : Adding type registration java.net.URL -> org.hibernate.type.UrlType@6f24ce45
2023-04-02 11:54:24.752 DEBUG 5187 --- [main] org.hibernate.type.BasicTypeRegistry     : Adding type registration Duration -> org.hibernate.type.DurationType@78545d40
2023-04-02 11:54:24.752 DEBUG 5187 --- [main] org.hibernate.type.BasicTypeRegistry     : Adding type registration java.time.Duration -> org.hibernate.type.DurationType@78545d40
2023-04-02 11:54:24.752 DEBUG 5187 --- [main] org.hibernate.type.BasicTypeRegistry     : Adding type registration Instant -> org.hibernate.type.InstantType@32b112a1
2023-04-02 11:54:24.752 DEBUG 5187 --- [main] org.hibernate.type.BasicTypeRegistry     : Adding type registration java.time.Instant -> org.hibernate.type.InstantType@32b112a1
2023-04-02 11:54:24.753 DEBUG 5187 --- [main] org.hibernate.type.BasicTypeRegistry     : Adding type registration LocalDateTime -> org.hibernate.type.LocalDateTimeType@41582899
2023-04-02 11:54:24.753 DEBUG 5187 --- [main] org.hibernate.type.BasicTypeRegistry     : Adding type registration java.time.LocalDateTime -> org.hibernate.type.LocalDateTimeType@41582899
2023-04-02 11:54:24.753 DEBUG 5187 --- [main] org.hibernate.type.BasicTypeRegistry     : Adding type registration LocalDate -> org.hibernate.type.LocalDateType@696174d3
2023-04-02 11:54:24.753 DEBUG 5187 --- [main] org.hibernate.type.BasicTypeRegistry     : Adding type registration java.time.LocalDate -> org.hibernate.type.LocalDateType@696174d3
2023-04-02 11:54:24.754 DEBUG 5187 --- [main] org.hibernate.type.BasicTypeRegistry     : Adding type registration LocalTime -> org.hibernate.type.LocalTimeType@714f1a44
2023-04-02 11:54:24.754 DEBUG 5187 --- [main] org.hibernate.type.BasicTypeRegistry     : Adding type registration java.time.LocalTime -> org.hibernate.type.LocalTimeType@714f1a44
2023-04-02 11:54:24.755 DEBUG 5187 --- [main] org.hibernate.type.BasicTypeRegistry     : Adding type registration OffsetDateTime -> org.hibernate.type.OffsetDateTimeType@45bd4753
2023-04-02 11:54:24.755 DEBUG 5187 --- [main] org.hibernate.type.BasicTypeRegistry     : Adding type registration java.time.OffsetDateTime -> org.hibernate.type.OffsetDateTimeType@45bd4753
2023-04-02 11:54:24.755 DEBUG 5187 --- [main] org.hibernate.type.BasicTypeRegistry     : Adding type registration OffsetTime -> org.hibernate.type.OffsetTimeType@58aa5c94
2023-04-02 11:54:24.755 DEBUG 5187 --- [main] org.hibernate.type.BasicTypeRegistry     : Adding type registration java.time.OffsetTime -> org.hibernate.type.OffsetTimeType@58aa5c94
2023-04-02 11:54:24.756 DEBUG 5187 --- [main] org.hibernate.type.BasicTypeRegistry     : Adding type registration ZonedDateTime -> org.hibernate.type.ZonedDateTimeType@74707df8
2023-04-02 11:54:24.756 DEBUG 5187 --- [main] org.hibernate.type.BasicTypeRegistry     : Adding type registration java.time.ZonedDateTime -> org.hibernate.type.ZonedDateTimeType@74707df8
2023-04-02 11:54:24.757 DEBUG 5187 --- [main] org.hibernate.type.BasicTypeRegistry     : Adding type registration date -> org.hibernate.type.DateType@16b76858
2023-04-02 11:54:24.757 DEBUG 5187 --- [main] org.hibernate.type.BasicTypeRegistry     : Adding type registration java.sql.Date -> org.hibernate.type.DateType@16b76858
2023-04-02 11:54:24.757 DEBUG 5187 --- [main] org.hibernate.type.BasicTypeRegistry     : Adding type registration time -> org.hibernate.type.TimeType@15f2a43f
2023-04-02 11:54:24.757 DEBUG 5187 --- [main] org.hibernate.type.BasicTypeRegistry     : Adding type registration java.sql.Time -> org.hibernate.type.TimeType@15f2a43f
2023-04-02 11:54:24.758 DEBUG 5187 --- [main] org.hibernate.type.BasicTypeRegistry     : Adding type registration timestamp -> org.hibernate.type.TimestampType@145e958f
2023-04-02 11:54:24.758 DEBUG 5187 --- [main] org.hibernate.type.BasicTypeRegistry     : Adding type registration java.sql.Timestamp -> org.hibernate.type.TimestampType@145e958f
2023-04-02 11:54:24.758 DEBUG 5187 --- [main] org.hibernate.type.BasicTypeRegistry     : Adding type registration java.util.Date -> org.hibernate.type.TimestampType@145e958f
2023-04-02 11:54:24.759 DEBUG 5187 --- [main] org.hibernate.type.BasicTypeRegistry     : Adding type registration dbtimestamp -> org.hibernate.type.DbTimestampType@d120d7c
2023-04-02 11:54:24.760 DEBUG 5187 --- [main] org.hibernate.type.BasicTypeRegistry     : Adding type registration calendar -> org.hibernate.type.CalendarType@a5e8260
2023-04-02 11:54:24.760 DEBUG 5187 --- [main] org.hibernate.type.BasicTypeRegistry     : Adding type registration java.util.Calendar -> org.hibernate.type.CalendarType@a5e8260
2023-04-02 11:54:24.760 DEBUG 5187 --- [main] org.hibernate.type.BasicTypeRegistry     : Adding type registration java.util.GregorianCalendar -> org.hibernate.type.CalendarType@a5e8260
2023-04-02 11:54:24.761 DEBUG 5187 --- [main] org.hibernate.type.BasicTypeRegistry     : Adding type registration calendar_date -> org.hibernate.type.CalendarDateType@1be8c122
2023-04-02 11:54:24.761 DEBUG 5187 --- [main] org.hibernate.type.BasicTypeRegistry     : Adding type registration calendar_time -> org.hibernate.type.CalendarTimeType@63553e9f
2023-04-02 11:54:24.761 DEBUG 5187 --- [main] org.hibernate.type.BasicTypeRegistry     : Adding type registration locale -> org.hibernate.type.LocaleType@5c839677
2023-04-02 11:54:24.761 DEBUG 5187 --- [main] org.hibernate.type.BasicTypeRegistry     : Adding type registration java.util.Locale -> org.hibernate.type.LocaleType@5c839677
2023-04-02 11:54:24.762 DEBUG 5187 --- [main] org.hibernate.type.BasicTypeRegistry     : Adding type registration currency -> org.hibernate.type.CurrencyType@6e73974
2023-04-02 11:54:24.762 DEBUG 5187 --- [main] org.hibernate.type.BasicTypeRegistry     : Adding type registration java.util.Currency -> org.hibernate.type.CurrencyType@6e73974
2023-04-02 11:54:24.762 DEBUG 5187 --- [main] org.hibernate.type.BasicTypeRegistry     : Adding type registration timezone -> org.hibernate.type.TimeZoneType@7adae08e
2023-04-02 11:54:24.762 DEBUG 5187 --- [main] org.hibernate.type.BasicTypeRegistry     : Adding type registration java.util.TimeZone -> org.hibernate.type.TimeZoneType@7adae08e
2023-04-02 11:54:24.762 DEBUG 5187 --- [main] org.hibernate.type.BasicTypeRegistry     : Adding type registration class -> org.hibernate.type.ClassType@b1d19ff
2023-04-02 11:54:24.762 DEBUG 5187 --- [main] org.hibernate.type.BasicTypeRegistry     : Adding type registration java.lang.Class -> org.hibernate.type.ClassType@b1d19ff
2023-04-02 11:54:24.763 DEBUG 5187 --- [main] org.hibernate.type.BasicTypeRegistry     : Adding type registration uuid-binary -> org.hibernate.type.UUIDBinaryType@5834198f
2023-04-02 11:54:24.763 DEBUG 5187 --- [main] org.hibernate.type.BasicTypeRegistry     : Adding type registration java.util.UUID -> org.hibernate.type.UUIDBinaryType@5834198f
2023-04-02 11:54:24.763 DEBUG 5187 --- [main] org.hibernate.type.BasicTypeRegistry     : Adding type registration uuid-char -> org.hibernate.type.UUIDCharType@41d20f06
2023-04-02 11:54:24.764 DEBUG 5187 --- [main] org.hibernate.type.BasicTypeRegistry     : Adding type registration binary -> org.hibernate.type.BinaryType@14485747
2023-04-02 11:54:24.764 DEBUG 5187 --- [main] org.hibernate.type.BasicTypeRegistry     : Adding type registration byte[] -> org.hibernate.type.BinaryType@14485747
2023-04-02 11:54:24.764 DEBUG 5187 --- [main] org.hibernate.type.BasicTypeRegistry     : Adding type registration [B -> org.hibernate.type.BinaryType@14485747
2023-04-02 11:54:24.764 DEBUG 5187 --- [main] org.hibernate.type.BasicTypeRegistry     : Adding type registration wrapper-binary -> org.hibernate.type.WrapperBinaryType@2dd3d39d
2023-04-02 11:54:24.765 DEBUG 5187 --- [main] org.hibernate.type.BasicTypeRegistry     : Adding type registration Byte[] -> org.hibernate.type.WrapperBinaryType@2dd3d39d
2023-04-02 11:54:24.765 DEBUG 5187 --- [main] org.hibernate.type.BasicTypeRegistry     : Adding type registration [Ljava.lang.Byte; -> org.hibernate.type.WrapperBinaryType@2dd3d39d
2023-04-02 11:54:24.765 DEBUG 5187 --- [main] org.hibernate.type.BasicTypeRegistry     : Adding type registration row_version -> org.hibernate.type.RowVersionType@20027c44
2023-04-02 11:54:24.765 DEBUG 5187 --- [main] org.hibernate.type.BasicTypeRegistry     : Adding type registration image -> org.hibernate.type.ImageType@da34eb0
2023-04-02 11:54:24.765 DEBUG 5187 --- [main] org.hibernate.type.BasicTypeRegistry     : Adding type registration characters -> org.hibernate.type.CharArrayType@2bfa17b0
2023-04-02 11:54:24.765 DEBUG 5187 --- [main] org.hibernate.type.BasicTypeRegistry     : Adding type registration char[] -> org.hibernate.type.CharArrayType@2bfa17b0
2023-04-02 11:54:24.765 DEBUG 5187 --- [main] org.hibernate.type.BasicTypeRegistry     : Adding type registration [C -> org.hibernate.type.CharArrayType@2bfa17b0
2023-04-02 11:54:24.766 DEBUG 5187 --- [main] org.hibernate.type.BasicTypeRegistry     : Adding type registration wrapper-characters -> org.hibernate.type.CharacterArrayType@285bf5ac
2023-04-02 11:54:24.766 DEBUG 5187 --- [main] org.hibernate.type.BasicTypeRegistry     : Adding type registration [Ljava.lang.Character; -> org.hibernate.type.CharacterArrayType@285bf5ac
2023-04-02 11:54:24.766 DEBUG 5187 --- [main] org.hibernate.type.BasicTypeRegistry     : Adding type registration Character[] -> org.hibernate.type.CharacterArrayType@285bf5ac
2023-04-02 11:54:24.766 DEBUG 5187 --- [main] org.hibernate.type.BasicTypeRegistry     : Adding type registration text -> org.hibernate.type.TextType@37ffe4f3
2023-04-02 11:54:24.767 DEBUG 5187 --- [main] org.hibernate.type.BasicTypeRegistry     : Adding type registration ntext -> org.hibernate.type.NTextType@5c8b10b4
2023-04-02 11:54:24.767 DEBUG 5187 --- [main] org.hibernate.type.BasicTypeRegistry     : Adding type registration blob -> org.hibernate.type.BlobType@1f26b992
2023-04-02 11:54:24.767 DEBUG 5187 --- [main] org.hibernate.type.BasicTypeRegistry     : Adding type registration java.sql.Blob -> org.hibernate.type.BlobType@1f26b992
2023-04-02 11:54:24.768 DEBUG 5187 --- [main] org.hibernate.type.BasicTypeRegistry     : Adding type registration materialized_blob -> org.hibernate.type.MaterializedBlobType@4e6cbdf1
2023-04-02 11:54:24.768 DEBUG 5187 --- [main] org.hibernate.type.BasicTypeRegistry     : Adding type registration clob -> org.hibernate.type.ClobType@678586f0
2023-04-02 11:54:24.769 DEBUG 5187 --- [main] org.hibernate.type.BasicTypeRegistry     : Adding type registration java.sql.Clob -> org.hibernate.type.ClobType@678586f0
2023-04-02 11:54:24.771 DEBUG 5187 --- [main] org.hibernate.type.BasicTypeRegistry     : Adding type registration nclob -> org.hibernate.type.NClobType@194911c1
2023-04-02 11:54:24.771 DEBUG 5187 --- [main] org.hibernate.type.BasicTypeRegistry     : Adding type registration java.sql.NClob -> org.hibernate.type.NClobType@194911c1
2023-04-02 11:54:24.772 DEBUG 5187 --- [main] org.hibernate.type.BasicTypeRegistry     : Adding type registration materialized_clob -> org.hibernate.type.MaterializedClobType@4b3ad7ca
2023-04-02 11:54:24.772 DEBUG 5187 --- [main] org.hibernate.type.BasicTypeRegistry     : Adding type registration materialized_nclob -> org.hibernate.type.MaterializedNClobType@45297e7
2023-04-02 11:54:24.773 DEBUG 5187 --- [main] org.hibernate.type.BasicTypeRegistry     : Adding type registration serializable -> org.hibernate.type.SerializableType@3f06ebe0
2023-04-02 11:54:24.774 DEBUG 5187 --- [main] org.hibernate.type.BasicTypeRegistry     : Adding type registration object -> org.hibernate.type.ObjectType@543b0737
2023-04-02 11:54:24.774 DEBUG 5187 --- [main] org.hibernate.type.BasicTypeRegistry     : Adding type registration java.lang.Object -> org.hibernate.type.ObjectType@543b0737
2023-04-02 11:54:24.774 DEBUG 5187 --- [main] org.hibernate.type.BasicTypeRegistry     : Adding type registration imm_date -> org.hibernate.type.AdaptedImmutableType@5350ab17
2023-04-02 11:54:24.774 DEBUG 5187 --- [main] org.hibernate.type.BasicTypeRegistry     : Adding type registration imm_time -> org.hibernate.type.AdaptedImmutableType@984de01
2023-04-02 11:54:24.774 DEBUG 5187 --- [main] org.hibernate.type.BasicTypeRegistry     : Adding type registration imm_timestamp -> org.hibernate.type.AdaptedImmutableType@58cda03f
2023-04-02 11:54:24.774 DEBUG 5187 --- [main] org.hibernate.type.BasicTypeRegistry     : Adding type registration imm_dbtimestamp -> org.hibernate.type.AdaptedImmutableType@7757a37f
2023-04-02 11:54:24.774 DEBUG 5187 --- [main] org.hibernate.type.BasicTypeRegistry     : Adding type registration imm_calendar -> org.hibernate.type.AdaptedImmutableType@2109a691
2023-04-02 11:54:24.774 DEBUG 5187 --- [main] org.hibernate.type.BasicTypeRegistry     : Adding type registration imm_calendar_date -> org.hibernate.type.AdaptedImmutableType@e521067
2023-04-02 11:54:24.775 DEBUG 5187 --- [main] org.hibernate.type.BasicTypeRegistry     : Adding type registration imm_binary -> org.hibernate.type.AdaptedImmutableType@3bab95ca
2023-04-02 11:54:24.775 DEBUG 5187 --- [main] org.hibernate.type.BasicTypeRegistry     : Adding type registration imm_serializable -> org.hibernate.type.AdaptedImmutableType@71ad959b
2023-04-02 11:54:24.804  INFO 5187 --- [main] com.zaxxer.hikari.HikariDataSource       : HikariPool-1 - Starting...
2023-04-02 11:54:25.250  INFO 5187 --- [main] com.zaxxer.hikari.HikariDataSource       : HikariPool-1 - Start completed.
2023-04-02 11:54:25.267  INFO 5187 --- [main] org.hibernate.dialect.Dialect            : HHH000400: Using dialect: org.hibernate.dialect.MySQL8Dialect
2023-04-02 11:54:25.288 DEBUG 5187 --- [main] o.h.type.spi.TypeConfiguration$Scope     : Scoping TypeConfiguration [org.hibernate.type.spi.TypeConfiguration@33eab2e8] to MetadataBuildingContext [org.hibernate.boot.internal.MetadataBuildingContextRootImpl@34bf66af]
2023-04-02 11:54:25.519 DEBUG 5187 --- [main] org.hibernate.type.EnumType              : Using NAMED-based conversion for Enum com.example.websevicedemo.domain.user.entity.Role
2023-04-02 11:54:25.521 DEBUG 5187 --- [main] o.h.type.spi.TypeConfiguration$Scope     : Scoping TypeConfiguration [org.hibernate.type.spi.TypeConfiguration@33eab2e8] to SessionFactoryImpl [org.hibernate.internal.SessionFactoryImpl@af04f09]
2023-04-02 11:54:26.076  INFO 5187 --- [main] p6spy                                    : #1680404066076 | took 115ms | statement | connection 1| url jdbc:mysql://database-1.c0pvliixxbbb.ap-northeast-2.rds.amazonaws.com:3306/yoojin_cell?useSSl=false&useUnicode=true&serverTimezone=Asia/Seoul&allowPublicKeyRetrieval=true&createDatabaseIfNotExist=true
alter table board_files drop foreign key FKeid4fkvt2o44moyaupmbndhnw
alter table board_files drop foreign key FKeid4fkvt2o44moyaupmbndhnw;
2023-04-02 11:54:26.123  INFO 5187 --- [main] p6spy                                    : #1680404066123 | took 44ms | statement | connection 1| url jdbc:mysql://database-1.c0pvliixxbbb.ap-northeast-2.rds.amazonaws.com:3306/yoojin_cell?useSSl=false&useUnicode=true&serverTimezone=Asia/Seoul&allowPublicKeyRetrieval=true&createDatabaseIfNotExist=true
alter table comment drop foreign key FKlij9oor1nav89jeat35s6kbp1
alter table comment drop foreign key FKlij9oor1nav89jeat35s6kbp1;
2023-04-02 11:54:26.152  INFO 5187 --- [main] p6spy                                    : #1680404066152 | took 28ms | statement | connection 1| url jdbc:mysql://database-1.c0pvliixxbbb.ap-northeast-2.rds.amazonaws.com:3306/yoojin_cell?useSSl=false&useUnicode=true&serverTimezone=Asia/Seoul&allowPublicKeyRetrieval=true&createDatabaseIfNotExist=true
alter table photo_book_files drop foreign key FK5a6j09irfdqbpegqrdslmnvvt
alter table photo_book_files drop foreign key FK5a6j09irfdqbpegqrdslmnvvt;
2023-04-02 11:54:26.179  INFO 5187 --- [main] p6spy                                    : #1680404066179 | took 27ms | statement | connection 1| url jdbc:mysql://database-1.c0pvliixxbbb.ap-northeast-2.rds.amazonaws.com:3306/yoojin_cell?useSSl=false&useUnicode=true&serverTimezone=Asia/Seoul&allowPublicKeyRetrieval=true&createDatabaseIfNotExist=true
alter table re_comment drop foreign key FKlbau13r2qs2dvla5g9k3xnmpd
alter table re_comment drop foreign key FKlbau13r2qs2dvla5g9k3xnmpd;
2023-04-02 11:54:26.208  INFO 5187 --- [main] p6spy                                    : #1680404066208 | took 28ms | statement | connection 1| url jdbc:mysql://database-1.c0pvliixxbbb.ap-northeast-2.rds.amazonaws.com:3306/yoojin_cell?useSSl=false&useUnicode=true&serverTimezone=Asia/Seoul&allowPublicKeyRetrieval=true&createDatabaseIfNotExist=true
alter table test drop foreign key FKswx8tgvx4biygw60uqgjjq7a7
alter table test drop foreign key FKswx8tgvx4biygw60uqgjjq7a7;
2023-04-02 11:54:26.234  INFO 5187 --- [main] p6spy                                    : #1680404066234 | took 26ms | statement | connection 1| url jdbc:mysql://database-1.c0pvliixxbbb.ap-northeast-2.rds.amazonaws.com:3306/yoojin_cell?useSSl=false&useUnicode=true&serverTimezone=Asia/Seoul&allowPublicKeyRetrieval=true&createDatabaseIfNotExist=true
alter table user_authority drop foreign key USER_IDX
alter table user_authority drop foreign key USER_IDX;
2023-04-02 11:54:26.276  INFO 5187 --- [main] p6spy                                    : #1680404066276 | took 41ms | statement | connection 1| url jdbc:mysql://database-1.c0pvliixxbbb.ap-northeast-2.rds.amazonaws.com:3306/yoojin_cell?useSSl=false&useUnicode=true&serverTimezone=Asia/Seoul&allowPublicKeyRetrieval=true&createDatabaseIfNotExist=true
drop table if exists board
drop table if exists board;
2023-04-02 11:54:26.310  INFO 5187 --- [main] p6spy                                    : #1680404066310 | took 33ms | statement | connection 1| url jdbc:mysql://database-1.c0pvliixxbbb.ap-northeast-2.rds.amazonaws.com:3306/yoojin_cell?useSSl=false&useUnicode=true&serverTimezone=Asia/Seoul&allowPublicKeyRetrieval=true&createDatabaseIfNotExist=true
drop table if exists board_files
drop table if exists board_files;
2023-04-02 11:54:26.342  INFO 5187 --- [main] p6spy                                    : #1680404066342 | took 32ms | statement | connection 1| url jdbc:mysql://database-1.c0pvliixxbbb.ap-northeast-2.rds.amazonaws.com:3306/yoojin_cell?useSSl=false&useUnicode=true&serverTimezone=Asia/Seoul&allowPublicKeyRetrieval=true&createDatabaseIfNotExist=true
drop table if exists comment
drop table if exists comment;
2023-04-02 11:54:26.377  INFO 5187 --- [main] p6spy                                    : #1680404066377 | took 34ms | statement | connection 1| url jdbc:mysql://database-1.c0pvliixxbbb.ap-northeast-2.rds.amazonaws.com:3306/yoojin_cell?useSSl=false&useUnicode=true&serverTimezone=Asia/Seoul&allowPublicKeyRetrieval=true&createDatabaseIfNotExist=true
drop table if exists photo_book
drop table if exists photo_book;
2023-04-02 11:54:26.410  INFO 5187 --- [main] p6spy                                    : #1680404066410 | took 31ms | statement | connection 1| url jdbc:mysql://database-1.c0pvliixxbbb.ap-northeast-2.rds.amazonaws.com:3306/yoojin_cell?useSSl=false&useUnicode=true&serverTimezone=Asia/Seoul&allowPublicKeyRetrieval=true&createDatabaseIfNotExist=true
drop table if exists photo_book_files
drop table if exists photo_book_files;
2023-04-02 11:54:26.441  INFO 5187 --- [main] p6spy                                    : #1680404066441 | took 30ms | statement | connection 1| url jdbc:mysql://database-1.c0pvliixxbbb.ap-northeast-2.rds.amazonaws.com:3306/yoojin_cell?useSSl=false&useUnicode=true&serverTimezone=Asia/Seoul&allowPublicKeyRetrieval=true&createDatabaseIfNotExist=true
drop table if exists re_comment
drop table if exists re_comment;
2023-04-02 11:54:26.474  INFO 5187 --- [main] p6spy                                    : #1680404066474 | took 32ms | statement | connection 1| url jdbc:mysql://database-1.c0pvliixxbbb.ap-northeast-2.rds.amazonaws.com:3306/yoojin_cell?useSSl=false&useUnicode=true&serverTimezone=Asia/Seoul&allowPublicKeyRetrieval=true&createDatabaseIfNotExist=true
drop table if exists test
drop table if exists test;
2023-04-02 11:54:26.506  INFO 5187 --- [main] p6spy                                    : #1680404066506 | took 31ms | statement | connection 1| url jdbc:mysql://database-1.c0pvliixxbbb.ap-northeast-2.rds.amazonaws.com:3306/yoojin_cell?useSSl=false&useUnicode=true&serverTimezone=Asia/Seoul&allowPublicKeyRetrieval=true&createDatabaseIfNotExist=true
drop table if exists user
drop table if exists user;
2023-04-02 11:54:26.542  INFO 5187 --- [main] p6spy                                    : #1680404066542 | took 35ms | statement | connection 1| url jdbc:mysql://database-1.c0pvliixxbbb.ap-northeast-2.rds.amazonaws.com:3306/yoojin_cell?useSSl=false&useUnicode=true&serverTimezone=Asia/Seoul&allowPublicKeyRetrieval=true&createDatabaseIfNotExist=true
drop table if exists user_authority
drop table if exists user_authority;
2023-04-02 11:54:26.603  INFO 5187 --- [main] p6spy                                    : #1680404066603 | took 56ms | statement | connection 2| url jdbc:mysql://database-1.c0pvliixxbbb.ap-northeast-2.rds.amazonaws.com:3306/yoojin_cell?useSSl=false&useUnicode=true&serverTimezone=Asia/Seoul&allowPublicKeyRetrieval=true&createDatabaseIfNotExist=true
create table board (id bigint not null auto_increment, crated_at datetime(6), updated_at datetime(6), contents longtext, declaration bit not null, image_url varchar(255), like_count integer not null, nick_name varchar(255), password varchar(255), title varchar(255), user_id varchar(255), view_count integer not null, primary key (id)) engine=InnoDB
create table board (id bigint not null auto_increment, crated_at datetime(6), updated_at datetime(6), contents longtext, declaration bit not null, image_url varchar(255), like_count integer not null, nick_name varchar(255), password varchar(255), title varchar(255), user_id varchar(255), view_count integer not null, primary key (id)) engine=InnoDB;
2023-04-02 11:54:26.646  INFO 5187 --- [main] p6spy                                    : #1680404066646 | took 42ms | statement | connection 2| url jdbc:mysql://database-1.c0pvliixxbbb.ap-northeast-2.rds.amazonaws.com:3306/yoojin_cell?useSSl=false&useUnicode=true&serverTimezone=Asia/Seoul&allowPublicKeyRetrieval=true&createDatabaseIfNotExist=true
create table board_files (id bigint not null auto_increment, crated_at datetime(6), updated_at datetime(6), file_path varchar(255), file_size bigint, original_file_name varchar(255), board_id bigint, primary key (id)) engine=InnoDB
create table board_files (id bigint not null auto_increment, crated_at datetime(6), updated_at datetime(6), file_path varchar(255), file_size bigint, original_file_name varchar(255), board_id bigint, primary key (id)) engine=InnoDB;
2023-04-02 11:54:26.694  INFO 5187 --- [main] p6spy                                    : #1680404066694 | took 47ms | statement | connection 2| url jdbc:mysql://database-1.c0pvliixxbbb.ap-northeast-2.rds.amazonaws.com:3306/yoojin_cell?useSSl=false&useUnicode=true&serverTimezone=Asia/Seoul&allowPublicKeyRetrieval=true&createDatabaseIfNotExist=true
create table comment (id bigint not null auto_increment, crated_at datetime(6), updated_at datetime(6), comment varchar(255), reply_id varchar(255), reply_pwd varchar(255), board_id bigint, primary key (id)) engine=InnoDB
create table comment (id bigint not null auto_increment, crated_at datetime(6), updated_at datetime(6), comment varchar(255), reply_id varchar(255), reply_pwd varchar(255), board_id bigint, primary key (id)) engine=InnoDB;
2023-04-02 11:54:26.778  INFO 5187 --- [main] p6spy                                    : #1680404066778 | took 84ms | statement | connection 2| url jdbc:mysql://database-1.c0pvliixxbbb.ap-northeast-2.rds.amazonaws.com:3306/yoojin_cell?useSSl=false&useUnicode=true&serverTimezone=Asia/Seoul&allowPublicKeyRetrieval=true&createDatabaseIfNotExist=true
create table photo_book (id bigint not null auto_increment, crated_at datetime(6), updated_at datetime(6), contents varchar(255), title varchar(255), primary key (id)) engine=InnoDB
create table photo_book (id bigint not null auto_increment, crated_at datetime(6), updated_at datetime(6), contents varchar(255), title varchar(255), primary key (id)) engine=InnoDB;
2023-04-02 11:54:26.828  INFO 5187 --- [main] p6spy                                    : #1680404066828 | took 49ms | statement | connection 2| url jdbc:mysql://database-1.c0pvliixxbbb.ap-northeast-2.rds.amazonaws.com:3306/yoojin_cell?useSSl=false&useUnicode=true&serverTimezone=Asia/Seoul&allowPublicKeyRetrieval=true&createDatabaseIfNotExist=true
create table photo_book_files (id bigint not null auto_increment, file_path varchar(255), file_size bigint, original_file_name varchar(255), photo_book_id bigint, primary key (id)) engine=InnoDB
create table photo_book_files (id bigint not null auto_increment, file_path varchar(255), file_size bigint, original_file_name varchar(255), photo_book_id bigint, primary key (id)) engine=InnoDB;
2023-04-02 11:54:26.879  INFO 5187 --- [main] p6spy                                    : #1680404066879 | took 50ms | statement | connection 2| url jdbc:mysql://database-1.c0pvliixxbbb.ap-northeast-2.rds.amazonaws.com:3306/yoojin_cell?useSSl=false&useUnicode=true&serverTimezone=Asia/Seoul&allowPublicKeyRetrieval=true&createDatabaseIfNotExist=true
create table re_comment (id bigint not null auto_increment, crated_at datetime(6), updated_at datetime(6), re_comment varchar(255), reply_id varchar(255), reply_pwd varchar(255), comment_id bigint, primary key (id)) engine=InnoDB
create table re_comment (id bigint not null auto_increment, crated_at datetime(6), updated_at datetime(6), re_comment varchar(255), reply_id varchar(255), reply_pwd varchar(255), comment_id bigint, primary key (id)) engine=InnoDB;
2023-04-02 11:54:26.923  INFO 5187 --- [main] p6spy                                    : #1680404066923 | took 43ms | statement | connection 2| url jdbc:mysql://database-1.c0pvliixxbbb.ap-northeast-2.rds.amazonaws.com:3306/yoojin_cell?useSSl=false&useUnicode=true&serverTimezone=Asia/Seoul&allowPublicKeyRetrieval=true&createDatabaseIfNotExist=true
create table test (id bigint not null auto_increment, age integer, job varchar(255), nationality varchar(255), school_attended bit, user_id bigint, primary key (id)) engine=InnoDB
create table test (id bigint not null auto_increment, age integer, job varchar(255), nationality varchar(255), school_attended bit, user_id bigint, primary key (id)) engine=InnoDB;
2023-04-02 11:54:26.967  INFO 5187 --- [main] p6spy                                    : #1680404066966 | took 42ms | statement | connection 2| url jdbc:mysql://database-1.c0pvliixxbbb.ap-northeast-2.rds.amazonaws.com:3306/yoojin_cell?useSSl=false&useUnicode=true&serverTimezone=Asia/Seoul&allowPublicKeyRetrieval=true&createDatabaseIfNotExist=true
create table user (user_idx bigint not null auto_increment, crated_at datetime(6), updated_at datetime(6), birth varchar(255), call_number varchar(255), email varchar(255), nick_name varchar(255), role varchar(255) not null, user_name varchar(255), primary key (user_idx)) engine=InnoDB
create table user (user_idx bigint not null auto_increment, crated_at datetime(6), updated_at datetime(6), birth varchar(255), call_number varchar(255), email varchar(255), nick_name varchar(255), role varchar(255) not null, user_name varchar(255), primary key (user_idx)) engine=InnoDB;
2023-04-02 11:54:27.019  INFO 5187 --- [main] p6spy                                    : #1680404067019 | took 52ms | statement | connection 2| url jdbc:mysql://database-1.c0pvliixxbbb.ap-northeast-2.rds.amazonaws.com:3306/yoojin_cell?useSSl=false&useUnicode=true&serverTimezone=Asia/Seoul&allowPublicKeyRetrieval=true&createDatabaseIfNotExist=true
create table user_authority (id bigint not null, authority varchar(255) not null, user_idx bigint, primary key (id, authority)) engine=InnoDB
create table user_authority (id bigint not null, authority varchar(255) not null, user_idx bigint, primary key (id, authority)) engine=InnoDB;
2023-04-02 11:54:27.106  INFO 5187 --- [main] p6spy                                    : #1680404067106 | took 85ms | statement | connection 2| url jdbc:mysql://database-1.c0pvliixxbbb.ap-northeast-2.rds.amazonaws.com:3306/yoojin_cell?useSSl=false&useUnicode=true&serverTimezone=Asia/Seoul&allowPublicKeyRetrieval=true&createDatabaseIfNotExist=true
alter table board_files add constraint FKeid4fkvt2o44moyaupmbndhnw foreign key (board_id) references board (id)
alter table board_files add constraint FKeid4fkvt2o44moyaupmbndhnw foreign key (board_id) references board (id);
2023-04-02 11:54:27.190  INFO 5187 --- [main] p6spy                                    : #1680404067190 | took 83ms | statement | connection 2| url jdbc:mysql://database-1.c0pvliixxbbb.ap-northeast-2.rds.amazonaws.com:3306/yoojin_cell?useSSl=false&useUnicode=true&serverTimezone=Asia/Seoul&allowPublicKeyRetrieval=true&createDatabaseIfNotExist=true
alter table comment add constraint FKlij9oor1nav89jeat35s6kbp1 foreign key (board_id) references board (id)
alter table comment add constraint FKlij9oor1nav89jeat35s6kbp1 foreign key (board_id) references board (id);
2023-04-02 11:54:27.273  INFO 5187 --- [main] p6spy                                    : #1680404067273 | took 82ms | statement | connection 2| url jdbc:mysql://database-1.c0pvliixxbbb.ap-northeast-2.rds.amazonaws.com:3306/yoojin_cell?useSSl=false&useUnicode=true&serverTimezone=Asia/Seoul&allowPublicKeyRetrieval=true&createDatabaseIfNotExist=true
alter table photo_book_files add constraint FK5a6j09irfdqbpegqrdslmnvvt foreign key (photo_book_id) references photo_book (id)
alter table photo_book_files add constraint FK5a6j09irfdqbpegqrdslmnvvt foreign key (photo_book_id) references photo_book (id);
2023-04-02 11:54:27.345  INFO 5187 --- [main] p6spy                                    : #1680404067345 | took 71ms | statement | connection 2| url jdbc:mysql://database-1.c0pvliixxbbb.ap-northeast-2.rds.amazonaws.com:3306/yoojin_cell?useSSl=false&useUnicode=true&serverTimezone=Asia/Seoul&allowPublicKeyRetrieval=true&createDatabaseIfNotExist=true
alter table re_comment add constraint FKlbau13r2qs2dvla5g9k3xnmpd foreign key (comment_id) references comment (id)
alter table re_comment add constraint FKlbau13r2qs2dvla5g9k3xnmpd foreign key (comment_id) references comment (id);
2023-04-02 11:54:27.423  INFO 5187 --- [main] p6spy                                    : #1680404067423 | took 77ms | statement | connection 2| url jdbc:mysql://database-1.c0pvliixxbbb.ap-northeast-2.rds.amazonaws.com:3306/yoojin_cell?useSSl=false&useUnicode=true&serverTimezone=Asia/Seoul&allowPublicKeyRetrieval=true&createDatabaseIfNotExist=true
alter table test add constraint FKswx8tgvx4biygw60uqgjjq7a7 foreign key (user_id) references user (user_idx)
alter table test add constraint FKswx8tgvx4biygw60uqgjjq7a7 foreign key (user_id) references user (user_idx);
2023-04-02 11:54:27.504  INFO 5187 --- [main] p6spy                                    : #1680404067504 | took 80ms | statement | connection 2| url jdbc:mysql://database-1.c0pvliixxbbb.ap-northeast-2.rds.amazonaws.com:3306/yoojin_cell?useSSl=false&useUnicode=true&serverTimezone=Asia/Seoul&allowPublicKeyRetrieval=true&createDatabaseIfNotExist=true
alter table user_authority add constraint USER_IDX foreign key (user_idx) references user (user_idx)
alter table user_authority add constraint USER_IDX foreign key (user_idx) references user (user_idx);
2023-04-02 11:54:27.510  INFO 5187 --- [main] o.h.e.t.j.p.i.JtaPlatformInitiator       : HHH000490: Using JtaPlatform implementation: [org.hibernate.engine.transaction.jta.platform.internal.NoJtaPlatform]
2023-04-02 11:54:27.520 TRACE 5187 --- [main] o.h.type.spi.TypeConfiguration$Scope     : Handling #sessionFactoryCreated from [org.hibernate.internal.SessionFactoryImpl@af04f09] for TypeConfiguration
2023-04-02 11:54:27.522  INFO 5187 --- [main] j.LocalContainerEntityManagerFactoryBean : Initialized JPA EntityManagerFactory for persistence unit 'default'
2023-04-02 11:54:27.959  WARN 5187 --- [main] c.a.a.p.i.BasicProfileConfigLoader       : Your profile name includes a 'profile ' prefix. This is considered part of the profile name in the Java SDK, so you will need to include this prefix in your profile name when you reference this profile from your Java code.
2023-04-02 11:54:27.961  WARN 5187 --- [main] c.a.a.p.i.BasicProfileConfigLoader       : Your profile name includes a 'profile ' prefix. This is considered part of the profile name in the Java SDK, so you will need to include this prefix in your profile name when you reference this profile from your Java code.
2023-04-02 11:54:27.978  WARN 5187 --- [main] c.a.a.p.i.BasicProfileConfigLoader       : Your profile name includes a 'profile ' prefix. This is considered part of the profile name in the Java SDK, so you will need to include this prefix in your profile name when you reference this profile from your Java code.
2023-04-02 11:54:27.978  WARN 5187 --- [main] c.a.a.p.i.BasicProfileConfigLoader       : Your profile name includes a 'profile ' prefix. This is considered part of the profile name in the Java SDK, so you will need to include this prefix in your profile name when you reference this profile from your Java code.
2023-04-02 11:54:28.065  WARN 5187 --- [main] c.a.a.p.i.BasicProfileConfigLoader       : Your profile name includes a 'profile ' prefix. This is considered part of the profile name in the Java SDK, so you will need to include this prefix in your profile name when you reference this profile from your Java code.
2023-04-02 11:54:28.066  WARN 5187 --- [main] c.a.a.p.i.BasicProfileConfigLoader       : Your profile name includes a 'profile ' prefix. This is considered part of the profile name in the Java SDK, so you will need to include this prefix in your profile name when you reference this profile from your Java code.
2023-04-02 11:54:28.459  INFO 5187 --- [main] o.s.s.web.DefaultSecurityFilterChain     : Will secure Or [Ant [pattern='/resources/**']] with [org.springframework.security.web.context.request.async.WebAsyncManagerIntegrationFilter@2f1b8770, org.springframework.security.web.header.HeaderWriterFilter@cf82c58, org.springframework.security.web.csrf.CsrfFilter@2e07dc23, org.springframework.security.web.authentication.logout.LogoutFilter@70736b19, org.springframework.security.web.servletapi.SecurityContextHolderAwareRequestFilter@278df226, org.springframework.security.web.authentication.AnonymousAuthenticationFilter@74fd5fb0, org.springframework.security.web.access.ExceptionTranslationFilter@66e27ac9, org.springframework.security.web.access.intercept.AuthorizationFilter@70e07ef8]
2023-04-02 11:54:28.489  INFO 5187 --- [main] o.s.s.web.DefaultSecurityFilterChain     : Will secure any request with [org.springframework.security.web.session.DisableEncodeUrlFilter@4af0ae2c, org.springframework.security.web.context.request.async.WebAsyncManagerIntegrationFilter@13446044, org.springframework.security.web.context.SecurityContextPersistenceFilter@7104b117, org.springframework.security.web.header.HeaderWriterFilter@33319df0, org.springframework.web.filter.CorsFilter@705ebb4d, org.springframework.security.web.authentication.logout.LogoutFilter@2943e61c, com.example.websevicedemo.global.config.jwt.JwtAuthenticationFilter@32a29361, org.springframework.security.web.savedrequest.RequestCacheAwareFilter@cd9ce76, org.springframework.security.web.servletapi.SecurityContextHolderAwareRequestFilter@421c057a, org.springframework.security.web.authentication.AnonymousAuthenticationFilter@7d6ccad7, org.springframework.security.web.session.SessionManagementFilter@740530b, org.springframework.security.web.access.ExceptionTranslationFilter@6df0d030, org.springframework.security.web.access.intercept.FilterSecurityInterceptor@100d071]
2023-04-02 11:54:28.609  WARN 5187 --- [main] JpaBaseConfiguration$JpaWebConfiguration : spring.jpa.open-in-view is enabled by default. Therefore, database queries may be performed during view rendering. Explicitly configure spring.jpa.open-in-view to disable this warning
2023-04-02 11:54:28.764  INFO 5187 --- [main] o.s.b.a.w.s.WelcomePageHandlerMapping    : Adding welcome page template: index
2023-04-02 11:54:29.647  INFO 5187 --- [main] o.s.b.w.embedded.tomcat.TomcatWebServer  : Tomcat started on port(s): 8080 (http) with context path ''
2023-04-02 11:54:29.663  INFO 5187 --- [main] c.e.w.WebSeviceDemoApplication           : Started WebSeviceDemoApplication in 7.873 seconds (JVM running for 9.329)
2023-04-02 11:54:33.925  INFO 5187 --- [SpringApplicationShutdownHook] j.LocalContainerEntityManagerFactoryBean : Closing JPA EntityManagerFactory for persistence unit 'default'
2023-04-02 11:54:33.929 TRACE 5187 --- [SpringApplicationShutdownHook] o.h.type.spi.TypeConfiguration$Scope     : Handling #sessionFactoryClosed from [org.hibernate.internal.SessionFactoryImpl@af04f09] for TypeConfiguration
2023-04-02 11:54:33.929 DEBUG 5187 --- [SpringApplicationShutdownHook] o.h.type.spi.TypeConfiguration$Scope     : Un-scoping TypeConfiguration [org.hibernate.type.spi.TypeConfiguration$Scope@202ba7fe] from SessionFactory [org.hibernate.internal.SessionFactoryImpl@af04f09]
2023-04-02 11:54:33.933  INFO 5187 --- [SpringApplicationShutdownHook] com.zaxxer.hikari.HikariDataSource       : HikariPool-1 - Shutdown initiated...
2023-04-02 11:54:34.027  INFO 5187 --- [SpringApplicationShutdownHook] com.zaxxer.hikari.HikariDataSource       : HikariPool-1 - Shutdown completed.
2023-04-02 11:54:38.467  INFO 5208 --- [main] c.e.w.WebSeviceDemoApplication           : Starting WebSeviceDemoApplication using Java 11.0.13 on chaemyeongjeong-ui-MacBookAir.local with PID 5208 (/Users/chaemyeongjeong/IdeaProjects/web-service-demo/build/classes/java/main started by chaemyeongjeong in /Users/chaemyeongjeong/IdeaProjects/web-service-demo)
2023-04-02 11:54:38.474  INFO 5208 --- [main] c.e.w.WebSeviceDemoApplication           : No active profile set, falling back to 1 default profile: "default"
2023-04-02 11:54:39.415  INFO 5208 --- [main] .s.d.r.c.RepositoryConfigurationDelegate : Bootstrapping Spring Data JPA repositories in DEFAULT mode.
2023-04-02 11:54:39.501  INFO 5208 --- [main] .s.d.r.c.RepositoryConfigurationDelegate : Finished Spring Data repository scanning in 81 ms. Found 8 JPA repository interfaces.
2023-04-02 11:54:39.667  WARN 5208 --- [main] com.amazonaws.util.EC2MetadataUtils      : Unable to retrieve the requested metadata (/latest/meta-data/instance-id). EC2 Instance Metadata Service is disabled

com.amazonaws.AmazonClientException: EC2 Instance Metadata Service is disabled
	at com.amazonaws.internal.InstanceMetadataServiceResourceFetcher.readResource(InstanceMetadataServiceResourceFetcher.java:65) ~[aws-java-sdk-core-1.11.792.jar:na]
	at com.amazonaws.internal.EC2ResourceFetcher.readResource(EC2ResourceFetcher.java:66) ~[aws-java-sdk-core-1.11.792.jar:na]
	at com.amazonaws.util.EC2MetadataUtils.getItems(EC2MetadataUtils.java:402) ~[aws-java-sdk-core-1.11.792.jar:na]
	at com.amazonaws.util.EC2MetadataUtils.getData(EC2MetadataUtils.java:371) ~[aws-java-sdk-core-1.11.792.jar:na]
	at org.springframework.cloud.aws.context.support.env.AwsCloudEnvironmentCheckUtils.isRunningOnCloudEnvironment(AwsCloudEnvironmentCheckUtils.java:38) ~[spring-cloud-aws-context-2.2.6.RELEASE.jar:2.2.6.RELEASE]
	at org.springframework.cloud.aws.context.annotation.OnAwsCloudEnvironmentCondition.matches(OnAwsCloudEnvironmentCondition.java:38) ~[spring-cloud-aws-context-2.2.6.RELEASE.jar:2.2.6.RELEASE]
	at org.springframework.context.annotation.ConditionEvaluator.shouldSkip(ConditionEvaluator.java:108) ~[spring-context-5.3.24.jar:5.3.24]
	at org.springframework.context.annotation.ConfigurationClassBeanDefinitionReader$TrackedConditionEvaluator.shouldSkip(ConfigurationClassBeanDefinitionReader.java:489) ~[spring-context-5.3.24.jar:5.3.24]
	at org.springframework.context.annotation.ConfigurationClassBeanDefinitionReader.loadBeanDefinitionsForConfigurationClass(ConfigurationClassBeanDefinitionReader.java:140) ~[spring-context-5.3.24.jar:5.3.24]
	at org.springframework.context.annotation.ConfigurationClassBeanDefinitionReader.loadBeanDefinitions(ConfigurationClassBeanDefinitionReader.java:129) ~[spring-context-5.3.24.jar:5.3.24]
	at org.springframework.context.annotation.ConfigurationClassPostProcessor.processConfigBeanDefinitions(ConfigurationClassPostProcessor.java:343) ~[spring-context-5.3.24.jar:5.3.24]
	at org.springframework.context.annotation.ConfigurationClassPostProcessor.postProcessBeanDefinitionRegistry(ConfigurationClassPostProcessor.java:247) ~[spring-context-5.3.24.jar:5.3.24]
	at org.springframework.context.support.PostProcessorRegistrationDelegate.invokeBeanDefinitionRegistryPostProcessors(PostProcessorRegistrationDelegate.java:311) ~[spring-context-5.3.24.jar:5.3.24]
	at org.springframework.context.support.PostProcessorRegistrationDelegate.invokeBeanFactoryPostProcessors(PostProcessorRegistrationDelegate.java:112) ~[spring-context-5.3.24.jar:5.3.24]
	at org.springframework.context.support.AbstractApplicationContext.invokeBeanFactoryPostProcessors(AbstractApplicationContext.java:746) ~[spring-context-5.3.24.jar:5.3.24]
	at org.springframework.context.support.AbstractApplicationContext.refresh(AbstractApplicationContext.java:564) ~[spring-context-5.3.24.jar:5.3.24]
	at org.springframework.boot.web.servlet.context.ServletWebServerApplicationContext.refresh(ServletWebServerApplicationContext.java:147) ~[spring-boot-2.7.6.jar:2.7.6]
	at org.springframework.boot.SpringApplication.refresh(SpringApplication.java:731) ~[spring-boot-2.7.6.jar:2.7.6]
	at org.springframework.boot.SpringApplication.refreshContext(SpringApplication.java:408) ~[spring-boot-2.7.6.jar:2.7.6]
	at org.springframework.boot.SpringApplication.run(SpringApplication.java:307) ~[spring-boot-2.7.6.jar:2.7.6]
	at org.springframework.boot.SpringApplication.run(SpringApplication.java:1303) ~[spring-boot-2.7.6.jar:2.7.6]
	at org.springframework.boot.SpringApplication.run(SpringApplication.java:1292) ~[spring-boot-2.7.6.jar:2.7.6]
	at com.example.websevicedemo.WebSeviceDemoApplication.main(WebSeviceDemoApplication.java:10) ~[main/:na]

2023-04-02 11:54:39.966  INFO 5208 --- [main] trationDelegate$BeanPostProcessorChecker : Bean '(inner bean)#73a0f2b' of type [com.amazonaws.auth.BasicAWSCredentials] is not eligible for getting processed by all BeanPostProcessors (for example: not eligible for auto-proxying)
2023-04-02 11:54:39.967  INFO 5208 --- [main] trationDelegate$BeanPostProcessorChecker : Bean '(inner bean)#550e9be6' of type [com.amazonaws.auth.AWSStaticCredentialsProvider] is not eligible for getting processed by all BeanPostProcessors (for example: not eligible for auto-proxying)
2023-04-02 11:54:39.975  INFO 5208 --- [main] trationDelegate$BeanPostProcessorChecker : Bean '(inner bean)#40c2ce52' of type [com.amazonaws.auth.profile.ProfileCredentialsProvider] is not eligible for getting processed by all BeanPostProcessors (for example: not eligible for auto-proxying)
2023-04-02 11:54:39.981  INFO 5208 --- [main] trationDelegate$BeanPostProcessorChecker : Bean 'credentialsProvider' of type [org.springframework.cloud.aws.core.credentials.CredentialsProviderFactoryBean] is not eligible for getting processed by all BeanPostProcessors (for example: not eligible for auto-proxying)
2023-04-02 11:54:39.981  INFO 5208 --- [main] trationDelegate$BeanPostProcessorChecker : Bean 'credentialsProvider' of type [com.amazonaws.auth.AWSCredentialsProviderChain] is not eligible for getting processed by all BeanPostProcessors (for example: not eligible for auto-proxying)
2023-04-02 11:54:40.294  INFO 5208 --- [main] o.s.b.w.embedded.tomcat.TomcatWebServer  : Tomcat initialized with port(s): 8080 (http)
2023-04-02 11:54:40.300  INFO 5208 --- [main] o.apache.catalina.core.StandardService   : Starting service [Tomcat]
2023-04-02 11:54:40.300  INFO 5208 --- [main] org.apache.catalina.core.StandardEngine  : Starting Servlet engine: [Apache Tomcat/9.0.69]
2023-04-02 11:54:40.417  INFO 5208 --- [main] o.a.c.c.C.[Tomcat].[localhost].[/]       : Initializing Spring embedded WebApplicationContext
2023-04-02 11:54:40.419  INFO 5208 --- [main] w.s.c.ServletWebServerApplicationContext : Root WebApplicationContext: initialization completed in 1895 ms
2023-04-02 11:54:40.711  INFO 5208 --- [main] o.hibernate.jpa.internal.util.LogHelper  : HHH000204: Processing PersistenceUnitInfo [name: default]
2023-04-02 11:54:40.733  INFO 5208 --- [main] org.hibernate.Version                    : HHH000412: Hibernate ORM core version 5.6.14.Final
2023-04-02 11:54:40.805  INFO 5208 --- [main] o.hibernate.annotations.common.Version   : HCANN000001: Hibernate Commons Annotations {5.1.2.Final}
2023-04-02 11:54:40.816 DEBUG 5208 --- [main] org.hibernate.type.BasicTypeRegistry     : Adding type registration boolean -> org.hibernate.type.BooleanType@1a2724d3
2023-04-02 11:54:40.816 DEBUG 5208 --- [main] org.hibernate.type.BasicTypeRegistry     : Adding type registration boolean -> org.hibernate.type.BooleanType@1a2724d3
2023-04-02 11:54:40.816 DEBUG 5208 --- [main] org.hibernate.type.BasicTypeRegistry     : Adding type registration java.lang.Boolean -> org.hibernate.type.BooleanType@1a2724d3
2023-04-02 11:54:40.816 DEBUG 5208 --- [main] org.hibernate.type.BasicTypeRegistry     : Adding type registration numeric_boolean -> org.hibernate.type.NumericBooleanType@19faedcc
2023-04-02 11:54:40.817 DEBUG 5208 --- [main] org.hibernate.type.BasicTypeRegistry     : Adding type registration true_false -> org.hibernate.type.TrueFalseType@68b7bdcb
2023-04-02 11:54:40.817 DEBUG 5208 --- [main] org.hibernate.type.BasicTypeRegistry     : Adding type registration yes_no -> org.hibernate.type.YesNoType@5b4954b2
2023-04-02 11:54:40.817 DEBUG 5208 --- [main] org.hibernate.type.BasicTypeRegistry     : Adding type registration byte -> org.hibernate.type.ByteType@7d1f3fe9
2023-04-02 11:54:40.817 DEBUG 5208 --- [main] org.hibernate.type.BasicTypeRegistry     : Adding type registration byte -> org.hibernate.type.ByteType@7d1f3fe9
2023-04-02 11:54:40.818 DEBUG 5208 --- [main] org.hibernate.type.BasicTypeRegistry     : Adding type registration java.lang.Byte -> org.hibernate.type.ByteType@7d1f3fe9
2023-04-02 11:54:40.818 DEBUG 5208 --- [main] org.hibernate.type.BasicTypeRegistry     : Adding type registration character -> org.hibernate.type.CharacterType@844e66d
2023-04-02 11:54:40.818 DEBUG 5208 --- [main] org.hibernate.type.BasicTypeRegistry     : Adding type registration char -> org.hibernate.type.CharacterType@844e66d
2023-04-02 11:54:40.818 DEBUG 5208 --- [main] org.hibernate.type.BasicTypeRegistry     : Adding type registration java.lang.Character -> org.hibernate.type.CharacterType@844e66d
2023-04-02 11:54:40.818 DEBUG 5208 --- [main] org.hibernate.type.BasicTypeRegistry     : Adding type registration short -> org.hibernate.type.ShortType@29147c12
2023-04-02 11:54:40.818 DEBUG 5208 --- [main] org.hibernate.type.BasicTypeRegistry     : Adding type registration short -> org.hibernate.type.ShortType@29147c12
2023-04-02 11:54:40.818 DEBUG 5208 --- [main] org.hibernate.type.BasicTypeRegistry     : Adding type registration java.lang.Short -> org.hibernate.type.ShortType@29147c12
2023-04-02 11:54:40.819 DEBUG 5208 --- [main] org.hibernate.type.BasicTypeRegistry     : Adding type registration integer -> org.hibernate.type.IntegerType@7a2a7492
2023-04-02 11:54:40.819 DEBUG 5208 --- [main] org.hibernate.type.BasicTypeRegistry     : Adding type registration int -> org.hibernate.type.IntegerType@7a2a7492
2023-04-02 11:54:40.819 DEBUG 5208 --- [main] org.hibernate.type.BasicTypeRegistry     : Adding type registration java.lang.Integer -> org.hibernate.type.IntegerType@7a2a7492
2023-04-02 11:54:40.820 DEBUG 5208 --- [main] org.hibernate.type.BasicTypeRegistry     : Adding type registration long -> org.hibernate.type.LongType@5731caaf
2023-04-02 11:54:40.820 DEBUG 5208 --- [main] org.hibernate.type.BasicTypeRegistry     : Adding type registration long -> org.hibernate.type.LongType@5731caaf
2023-04-02 11:54:40.820 DEBUG 5208 --- [main] org.hibernate.type.BasicTypeRegistry     : Adding type registration java.lang.Long -> org.hibernate.type.LongType@5731caaf
2023-04-02 11:54:40.821 DEBUG 5208 --- [main] org.hibernate.type.BasicTypeRegistry     : Adding type registration float -> org.hibernate.type.FloatType@c318864
2023-04-02 11:54:40.824 DEBUG 5208 --- [main] org.hibernate.type.BasicTypeRegistry     : Adding type registration float -> org.hibernate.type.FloatType@c318864
2023-04-02 11:54:40.824 DEBUG 5208 --- [main] org.hibernate.type.BasicTypeRegistry     : Adding type registration java.lang.Float -> org.hibernate.type.FloatType@c318864
2023-04-02 11:54:40.825 DEBUG 5208 --- [main] org.hibernate.type.BasicTypeRegistry     : Adding type registration double -> org.hibernate.type.DoubleType@3866c96e
2023-04-02 11:54:40.825 DEBUG 5208 --- [main] org.hibernate.type.BasicTypeRegistry     : Adding type registration double -> org.hibernate.type.DoubleType@3866c96e
2023-04-02 11:54:40.825 DEBUG 5208 --- [main] org.hibernate.type.BasicTypeRegistry     : Adding type registration java.lang.Double -> org.hibernate.type.DoubleType@3866c96e
2023-04-02 11:54:40.825 DEBUG 5208 --- [main] org.hibernate.type.BasicTypeRegistry     : Adding type registration big_decimal -> org.hibernate.type.BigDecimalType@655621fd
2023-04-02 11:54:40.825 DEBUG 5208 --- [main] org.hibernate.type.BasicTypeRegistry     : Adding type registration java.math.BigDecimal -> org.hibernate.type.BigDecimalType@655621fd
2023-04-02 11:54:40.826 DEBUG 5208 --- [main] org.hibernate.type.BasicTypeRegistry     : Adding type registration big_integer -> org.hibernate.type.BigIntegerType@62108cd3
2023-04-02 11:54:40.826 DEBUG 5208 --- [main] org.hibernate.type.BasicTypeRegistry     : Adding type registration java.math.BigInteger -> org.hibernate.type.BigIntegerType@62108cd3
2023-04-02 11:54:40.826 DEBUG 5208 --- [main] org.hibernate.type.BasicTypeRegistry     : Adding type registration string -> org.hibernate.type.StringType@28dd81ad
2023-04-02 11:54:40.826 DEBUG 5208 --- [main] org.hibernate.type.BasicTypeRegistry     : Adding type registration java.lang.String -> org.hibernate.type.StringType@28dd81ad
2023-04-02 11:54:40.827 DEBUG 5208 --- [main] org.hibernate.type.BasicTypeRegistry     : Adding type registration nstring -> org.hibernate.type.StringNVarcharType@6f24ce45
2023-04-02 11:54:40.827 DEBUG 5208 --- [main] org.hibernate.type.BasicTypeRegistry     : Adding type registration ncharacter -> org.hibernate.type.CharacterNCharType@65753724
2023-04-02 11:54:40.828 DEBUG 5208 --- [main] org.hibernate.type.BasicTypeRegistry     : Adding type registration url -> org.hibernate.type.UrlType@7de3206d
2023-04-02 11:54:40.828 DEBUG 5208 --- [main] org.hibernate.type.BasicTypeRegistry     : Adding type registration java.net.URL -> org.hibernate.type.UrlType@7de3206d
2023-04-02 11:54:40.828 DEBUG 5208 --- [main] org.hibernate.type.BasicTypeRegistry     : Adding type registration Duration -> org.hibernate.type.DurationType@56b9d43f
2023-04-02 11:54:40.828 DEBUG 5208 --- [main] org.hibernate.type.BasicTypeRegistry     : Adding type registration java.time.Duration -> org.hibernate.type.DurationType@56b9d43f
2023-04-02 11:54:40.829 DEBUG 5208 --- [main] org.hibernate.type.BasicTypeRegistry     : Adding type registration Instant -> org.hibernate.type.InstantType@4948daec
2023-04-02 11:54:40.829 DEBUG 5208 --- [main] org.hibernate.type.BasicTypeRegistry     : Adding type registration java.time.Instant -> org.hibernate.type.InstantType@4948daec
2023-04-02 11:54:40.830 DEBUG 5208 --- [main] org.hibernate.type.BasicTypeRegistry     : Adding type registration LocalDateTime -> org.hibernate.type.LocalDateTimeType@30afb481
2023-04-02 11:54:40.830 DEBUG 5208 --- [main] org.hibernate.type.BasicTypeRegistry     : Adding type registration java.time.LocalDateTime -> org.hibernate.type.LocalDateTimeType@30afb481
2023-04-02 11:54:40.830 DEBUG 5208 --- [main] org.hibernate.type.BasicTypeRegistry     : Adding type registration LocalDate -> org.hibernate.type.LocalDateType@41a23470
2023-04-02 11:54:40.830 DEBUG 5208 --- [main] org.hibernate.type.BasicTypeRegistry     : Adding type registration java.time.LocalDate -> org.hibernate.type.LocalDateType@41a23470
2023-04-02 11:54:40.830 DEBUG 5208 --- [main] org.hibernate.type.BasicTypeRegistry     : Adding type registration LocalTime -> org.hibernate.type.LocalTimeType@c11332b
2023-04-02 11:54:40.831 DEBUG 5208 --- [main] org.hibernate.type.BasicTypeRegistry     : Adding type registration java.time.LocalTime -> org.hibernate.type.LocalTimeType@c11332b
2023-04-02 11:54:40.832 DEBUG 5208 --- [main] org.hibernate.type.BasicTypeRegistry     : Adding type registration OffsetDateTime -> org.hibernate.type.OffsetDateTimeType@41143873
2023-04-02 11:54:40.832 DEBUG 5208 --- [main] org.hibernate.type.BasicTypeRegistry     : Adding type registration java.time.OffsetDateTime -> org.hibernate.type.OffsetDateTimeType@41143873
2023-04-02 11:54:40.832 DEBUG 5208 --- [main] org.hibernate.type.BasicTypeRegistry     : Adding type registration OffsetTime -> org.hibernate.type.OffsetTimeType@43786627
2023-04-02 11:54:40.832 DEBUG 5208 --- [main] org.hibernate.type.BasicTypeRegistry     : Adding type registration java.time.OffsetTime -> org.hibernate.type.OffsetTimeType@43786627
2023-04-02 11:54:40.833 DEBUG 5208 --- [main] org.hibernate.type.BasicTypeRegistry     : Adding type registration ZonedDateTime -> org.hibernate.type.ZonedDateTimeType@697a92af
2023-04-02 11:54:40.833 DEBUG 5208 --- [main] org.hibernate.type.BasicTypeRegistry     : Adding type registration java.time.ZonedDateTime -> org.hibernate.type.ZonedDateTimeType@697a92af
2023-04-02 11:54:40.834 DEBUG 5208 --- [main] org.hibernate.type.BasicTypeRegistry     : Adding type registration date -> org.hibernate.type.DateType@4c65d8e3
2023-04-02 11:54:40.834 DEBUG 5208 --- [main] org.hibernate.type.BasicTypeRegistry     : Adding type registration java.sql.Date -> org.hibernate.type.DateType@4c65d8e3
2023-04-02 11:54:40.834 DEBUG 5208 --- [main] org.hibernate.type.BasicTypeRegistry     : Adding type registration time -> org.hibernate.type.TimeType@2d2fc130
2023-04-02 11:54:40.834 DEBUG 5208 --- [main] org.hibernate.type.BasicTypeRegistry     : Adding type registration java.sql.Time -> org.hibernate.type.TimeType@2d2fc130
2023-04-02 11:54:40.835 DEBUG 5208 --- [main] org.hibernate.type.BasicTypeRegistry     : Adding type registration timestamp -> org.hibernate.type.TimestampType@30d15e4a
2023-04-02 11:54:40.835 DEBUG 5208 --- [main] org.hibernate.type.BasicTypeRegistry     : Adding type registration java.sql.Timestamp -> org.hibernate.type.TimestampType@30d15e4a
2023-04-02 11:54:40.835 DEBUG 5208 --- [main] org.hibernate.type.BasicTypeRegistry     : Adding type registration java.util.Date -> org.hibernate.type.TimestampType@30d15e4a
2023-04-02 11:54:40.836 DEBUG 5208 --- [main] org.hibernate.type.BasicTypeRegistry     : Adding type registration dbtimestamp -> org.hibernate.type.DbTimestampType@30c7be6f
2023-04-02 11:54:40.836 DEBUG 5208 --- [main] org.hibernate.type.BasicTypeRegistry     : Adding type registration calendar -> org.hibernate.type.CalendarType@4be12f6c
2023-04-02 11:54:40.836 DEBUG 5208 --- [main] org.hibernate.type.BasicTypeRegistry     : Adding type registration java.util.Calendar -> org.hibernate.type.CalendarType@4be12f6c
2023-04-02 11:54:40.837 DEBUG 5208 --- [main] org.hibernate.type.BasicTypeRegistry     : Adding type registration java.util.GregorianCalendar -> org.hibernate.type.CalendarType@4be12f6c
2023-04-02 11:54:40.837 DEBUG 5208 --- [main] org.hibernate.type.BasicTypeRegistry     : Adding type registration calendar_date -> org.hibernate.type.CalendarDateType@1fee4278
2023-04-02 11:54:40.837 DEBUG 5208 --- [main] org.hibernate.type.BasicTypeRegistry     : Adding type registration calendar_time -> org.hibernate.type.CalendarTimeType@2b6262bc
2023-04-02 11:54:40.838 DEBUG 5208 --- [main] org.hibernate.type.BasicTypeRegistry     : Adding type registration locale -> org.hibernate.type.LocaleType@e07b4db
2023-04-02 11:54:40.838 DEBUG 5208 --- [main] org.hibernate.type.BasicTypeRegistry     : Adding type registration java.util.Locale -> org.hibernate.type.LocaleType@e07b4db
2023-04-02 11:54:40.838 DEBUG 5208 --- [main] org.hibernate.type.BasicTypeRegistry     : Adding type registration currency -> org.hibernate.type.CurrencyType@5a48d186
2023-04-02 11:54:40.838 DEBUG 5208 --- [main] org.hibernate.type.BasicTypeRegistry     : Adding type registration java.util.Currency -> org.hibernate.type.CurrencyType@5a48d186
2023-04-02 11:54:40.838 DEBUG 5208 --- [main] org.hibernate.type.BasicTypeRegistry     : Adding type registration timezone -> org.hibernate.type.TimeZoneType@6dcf7b6a
2023-04-02 11:54:40.838 DEBUG 5208 --- [main] org.hibernate.type.BasicTypeRegistry     : Adding type registration java.util.TimeZone -> org.hibernate.type.TimeZoneType@6dcf7b6a
2023-04-02 11:54:40.839 DEBUG 5208 --- [main] org.hibernate.type.BasicTypeRegistry     : Adding type registration class -> org.hibernate.type.ClassType@41d20f06
2023-04-02 11:54:40.839 DEBUG 5208 --- [main] org.hibernate.type.BasicTypeRegistry     : Adding type registration java.lang.Class -> org.hibernate.type.ClassType@41d20f06
2023-04-02 11:54:40.839 DEBUG 5208 --- [main] org.hibernate.type.BasicTypeRegistry     : Adding type registration uuid-binary -> org.hibernate.type.UUIDBinaryType@5d221b20
2023-04-02 11:54:40.839 DEBUG 5208 --- [main] org.hibernate.type.BasicTypeRegistry     : Adding type registration java.util.UUID -> org.hibernate.type.UUIDBinaryType@5d221b20
2023-04-02 11:54:40.839 DEBUG 5208 --- [main] org.hibernate.type.BasicTypeRegistry     : Adding type registration uuid-char -> org.hibernate.type.UUIDCharType@59fea5f5
2023-04-02 11:54:40.840 DEBUG 5208 --- [main] org.hibernate.type.BasicTypeRegistry     : Adding type registration binary -> org.hibernate.type.BinaryType@42cc420b
2023-04-02 11:54:40.840 DEBUG 5208 --- [main] org.hibernate.type.BasicTypeRegistry     : Adding type registration byte[] -> org.hibernate.type.BinaryType@42cc420b
2023-04-02 11:54:40.840 DEBUG 5208 --- [main] org.hibernate.type.BasicTypeRegistry     : Adding type registration [B -> org.hibernate.type.BinaryType@42cc420b
2023-04-02 11:54:40.840 DEBUG 5208 --- [main] org.hibernate.type.BasicTypeRegistry     : Adding type registration wrapper-binary -> org.hibernate.type.WrapperBinaryType@da34eb0
2023-04-02 11:54:40.840 DEBUG 5208 --- [main] org.hibernate.type.BasicTypeRegistry     : Adding type registration Byte[] -> org.hibernate.type.WrapperBinaryType@da34eb0
2023-04-02 11:54:40.840 DEBUG 5208 --- [main] org.hibernate.type.BasicTypeRegistry     : Adding type registration [Ljava.lang.Byte; -> org.hibernate.type.WrapperBinaryType@da34eb0
2023-04-02 11:54:40.841 DEBUG 5208 --- [main] org.hibernate.type.BasicTypeRegistry     : Adding type registration row_version -> org.hibernate.type.RowVersionType@2bfa17b0
2023-04-02 11:54:40.841 DEBUG 5208 --- [main] org.hibernate.type.BasicTypeRegistry     : Adding type registration image -> org.hibernate.type.ImageType@708dfe10
2023-04-02 11:54:40.841 DEBUG 5208 --- [main] org.hibernate.type.BasicTypeRegistry     : Adding type registration characters -> org.hibernate.type.CharArrayType@37ffe4f3
2023-04-02 11:54:40.841 DEBUG 5208 --- [main] org.hibernate.type.BasicTypeRegistry     : Adding type registration char[] -> org.hibernate.type.CharArrayType@37ffe4f3
2023-04-02 11:54:40.841 DEBUG 5208 --- [main] org.hibernate.type.BasicTypeRegistry     : Adding type registration [C -> org.hibernate.type.CharArrayType@37ffe4f3
2023-04-02 11:54:40.842 DEBUG 5208 --- [main] org.hibernate.type.BasicTypeRegistry     : Adding type registration wrapper-characters -> org.hibernate.type.CharacterArrayType@5aa6da2
2023-04-02 11:54:40.842 DEBUG 5208 --- [main] org.hibernate.type.BasicTypeRegistry     : Adding type registration [Ljava.lang.Character; -> org.hibernate.type.CharacterArrayType@5aa6da2
2023-04-02 11:54:40.842 DEBUG 5208 --- [main] org.hibernate.type.BasicTypeRegistry     : Adding type registration Character[] -> org.hibernate.type.CharacterArrayType@5aa6da2
2023-04-02 11:54:40.842 DEBUG 5208 --- [main] org.hibernate.type.BasicTypeRegistry     : Adding type registration text -> org.hibernate.type.TextType@640a8f93
2023-04-02 11:54:40.842 DEBUG 5208 --- [main] org.hibernate.type.BasicTypeRegistry     : Adding type registration ntext -> org.hibernate.type.NTextType@2f60cbf2
2023-04-02 11:54:40.843 DEBUG 5208 --- [main] org.hibernate.type.BasicTypeRegistry     : Adding type registration blob -> org.hibernate.type.BlobType@2dc21583
2023-04-02 11:54:40.843 DEBUG 5208 --- [main] org.hibernate.type.BasicTypeRegistry     : Adding type registration java.sql.Blob -> org.hibernate.type.BlobType@2dc21583
2023-04-02 11:54:40.843 DEBUG 5208 --- [main] org.hibernate.type.BasicTypeRegistry     : Adding type registration materialized_blob -> org.hibernate.type.MaterializedBlobType@5ad6f98e
2023-04-02 11:54:40.844 DEBUG 5208 --- [main] org.hibernate.type.BasicTypeRegistry     : Adding type registration clob -> org.hibernate.type.ClobType@4751cd3
2023-04-02 11:54:40.844 DEBUG 5208 --- [main] org.hibernate.type.BasicTypeRegistry     : Adding type registration java.sql.Clob -> org.hibernate.type.ClobType@4751cd3
2023-04-02 11:54:40.844 DEBUG 5208 --- [main] org.hibernate.type.BasicTypeRegistry     : Adding type registration nclob -> org.hibernate.type.NClobType@1109730f
2023-04-02 11:54:40.845 DEBUG 5208 --- [main] org.hibernate.type.BasicTypeRegistry     : Adding type registration java.sql.NClob -> org.hibernate.type.NClobType@1109730f
2023-04-02 11:54:40.845 DEBUG 5208 --- [main] org.hibernate.type.BasicTypeRegistry     : Adding type registration materialized_clob -> org.hibernate.type.MaterializedClobType@10b67f54
2023-04-02 11:54:40.847 DEBUG 5208 --- [main] org.hibernate.type.BasicTypeRegistry     : Adding type registration materialized_nclob -> org.hibernate.type.MaterializedNClobType@438aaa9f
2023-04-02 11:54:40.848 DEBUG 5208 --- [main] org.hibernate.type.BasicTypeRegistry     : Adding type registration serializable -> org.hibernate.type.SerializableType@7848321e
2023-04-02 11:54:40.849 DEBUG 5208 --- [main] org.hibernate.type.BasicTypeRegistry     : Adding type registration object -> org.hibernate.type.ObjectType@71ad959b
2023-04-02 11:54:40.849 DEBUG 5208 --- [main] org.hibernate.type.BasicTypeRegistry     : Adding type registration java.lang.Object -> org.hibernate.type.ObjectType@71ad959b
2023-04-02 11:54:40.850 DEBUG 5208 --- [main] org.hibernate.type.BasicTypeRegistry     : Adding type registration imm_date -> org.hibernate.type.AdaptedImmutableType@79cdf2d4
2023-04-02 11:54:40.850 DEBUG 5208 --- [main] org.hibernate.type.BasicTypeRegistry     : Adding type registration imm_time -> org.hibernate.type.AdaptedImmutableType@8851ec
2023-04-02 11:54:40.850 DEBUG 5208 --- [main] org.hibernate.type.BasicTypeRegistry     : Adding type registration imm_timestamp -> org.hibernate.type.AdaptedImmutableType@18b40fe6
2023-04-02 11:54:40.850 DEBUG 5208 --- [main] org.hibernate.type.BasicTypeRegistry     : Adding type registration imm_dbtimestamp -> org.hibernate.type.AdaptedImmutableType@7198ab9a
2023-04-02 11:54:40.850 DEBUG 5208 --- [main] org.hibernate.type.BasicTypeRegistry     : Adding type registration imm_calendar -> org.hibernate.type.AdaptedImmutableType@67d5ac2f
2023-04-02 11:54:40.850 DEBUG 5208 --- [main] org.hibernate.type.BasicTypeRegistry     : Adding type registration imm_calendar_date -> org.hibernate.type.AdaptedImmutableType@25109608
2023-04-02 11:54:40.850 DEBUG 5208 --- [main] org.hibernate.type.BasicTypeRegistry     : Adding type registration imm_binary -> org.hibernate.type.AdaptedImmutableType@1d637673
2023-04-02 11:54:40.850 DEBUG 5208 --- [main] org.hibernate.type.BasicTypeRegistry     : Adding type registration imm_serializable -> org.hibernate.type.AdaptedImmutableType@2913ca3e
2023-04-02 11:54:40.878  INFO 5208 --- [main] com.zaxxer.hikari.HikariDataSource       : HikariPool-1 - Starting...
2023-04-02 11:54:41.288  INFO 5208 --- [main] com.zaxxer.hikari.HikariDataSource       : HikariPool-1 - Start completed.
2023-04-02 11:54:41.304  INFO 5208 --- [main] org.hibernate.dialect.Dialect            : HHH000400: Using dialect: org.hibernate.dialect.MySQL8Dialect
2023-04-02 11:54:41.324 DEBUG 5208 --- [main] o.h.type.spi.TypeConfiguration$Scope     : Scoping TypeConfiguration [org.hibernate.type.spi.TypeConfiguration@1e194966] to MetadataBuildingContext [org.hibernate.boot.internal.MetadataBuildingContextRootImpl@160546b1]
2023-04-02 11:54:41.554 DEBUG 5208 --- [main] org.hibernate.type.EnumType              : Using NAMED-based conversion for Enum com.example.websevicedemo.domain.user.entity.Role
2023-04-02 11:54:41.556 DEBUG 5208 --- [main] o.h.type.spi.TypeConfiguration$Scope     : Scoping TypeConfiguration [org.hibernate.type.spi.TypeConfiguration@1e194966] to SessionFactoryImpl [org.hibernate.internal.SessionFactoryImpl@666b91db]
2023-04-02 11:54:42.219  INFO 5208 --- [main] p6spy                                    : #1680404082219 | took 15ms | statement | connection 1| url jdbc:mysql://database-1.c0pvliixxbbb.ap-northeast-2.rds.amazonaws.com:3306/yoojin_cell?useSSl=false&useUnicode=true&serverTimezone=Asia/Seoul&allowPublicKeyRetrieval=true&createDatabaseIfNotExist=true
select * from `yoojin_cell`.`board` where 1=0
select * from `yoojin_cell`.`board` where 1=0;
2023-04-02 11:54:42.262  INFO 5208 --- [main] p6spy                                    : #1680404082262 | took 8ms | statement | connection 1| url jdbc:mysql://database-1.c0pvliixxbbb.ap-northeast-2.rds.amazonaws.com:3306/yoojin_cell?useSSl=false&useUnicode=true&serverTimezone=Asia/Seoul&allowPublicKeyRetrieval=true&createDatabaseIfNotExist=true
select * from `yoojin_cell`.`board` where 1=0
select * from `yoojin_cell`.`board` where 1=0;
2023-04-02 11:54:42.294  INFO 5208 --- [main] p6spy                                    : #1680404082294 | took 8ms | statement | connection 1| url jdbc:mysql://database-1.c0pvliixxbbb.ap-northeast-2.rds.amazonaws.com:3306/yoojin_cell?useSSl=false&useUnicode=true&serverTimezone=Asia/Seoul&allowPublicKeyRetrieval=true&createDatabaseIfNotExist=true
select * from `yoojin_cell`.`photo_book` where 1=0
select * from `yoojin_cell`.`photo_book` where 1=0;
2023-04-02 11:54:42.328  INFO 5208 --- [main] p6spy                                    : #1680404082328 | took 10ms | statement | connection 1| url jdbc:mysql://database-1.c0pvliixxbbb.ap-northeast-2.rds.amazonaws.com:3306/yoojin_cell?useSSl=false&useUnicode=true&serverTimezone=Asia/Seoul&allowPublicKeyRetrieval=true&createDatabaseIfNotExist=true
select * from `yoojin_cell`.`comment` where 1=0
select * from `yoojin_cell`.`comment` where 1=0;
2023-04-02 11:54:42.364  INFO 5208 --- [main] p6spy                                    : #1680404082364 | took 11ms | statement | connection 1| url jdbc:mysql://database-1.c0pvliixxbbb.ap-northeast-2.rds.amazonaws.com:3306/yoojin_cell?useSSl=false&useUnicode=true&serverTimezone=Asia/Seoul&allowPublicKeyRetrieval=true&createDatabaseIfNotExist=true
select * from `yoojin_cell`.`user` where 1=0
select * from `yoojin_cell`.`user` where 1=0;
2023-04-02 11:54:42.397  INFO 5208 --- [main] p6spy                                    : #1680404082397 | took 7ms | statement | connection 1| url jdbc:mysql://database-1.c0pvliixxbbb.ap-northeast-2.rds.amazonaws.com:3306/yoojin_cell?useSSl=false&useUnicode=true&serverTimezone=Asia/Seoul&allowPublicKeyRetrieval=true&createDatabaseIfNotExist=true
select * from `yoojin_cell`.`user` where 1=0
select * from `yoojin_cell`.`user` where 1=0;
2023-04-02 11:54:42.399  INFO 5208 --- [main] o.h.e.t.j.p.i.JtaPlatformInitiator       : HHH000490: Using JtaPlatform implementation: [org.hibernate.engine.transaction.jta.platform.internal.NoJtaPlatform]
2023-04-02 11:54:42.406 TRACE 5208 --- [main] o.h.type.spi.TypeConfiguration$Scope     : Handling #sessionFactoryCreated from [org.hibernate.internal.SessionFactoryImpl@666b91db] for TypeConfiguration
2023-04-02 11:54:42.407  INFO 5208 --- [main] j.LocalContainerEntityManagerFactoryBean : Initialized JPA EntityManagerFactory for persistence unit 'default'
2023-04-02 11:54:42.843  WARN 5208 --- [main] c.a.a.p.i.BasicProfileConfigLoader       : Your profile name includes a 'profile ' prefix. This is considered part of the profile name in the Java SDK, so you will need to include this prefix in your profile name when you reference this profile from your Java code.
2023-04-02 11:54:42.844  WARN 5208 --- [main] c.a.a.p.i.BasicProfileConfigLoader       : Your profile name includes a 'profile ' prefix. This is considered part of the profile name in the Java SDK, so you will need to include this prefix in your profile name when you reference this profile from your Java code.
2023-04-02 11:54:42.859  WARN 5208 --- [main] c.a.a.p.i.BasicProfileConfigLoader       : Your profile name includes a 'profile ' prefix. This is considered part of the profile name in the Java SDK, so you will need to include this prefix in your profile name when you reference this profile from your Java code.
2023-04-02 11:54:42.860  WARN 5208 --- [main] c.a.a.p.i.BasicProfileConfigLoader       : Your profile name includes a 'profile ' prefix. This is considered part of the profile name in the Java SDK, so you will need to include this prefix in your profile name when you reference this profile from your Java code.
2023-04-02 11:54:42.948  WARN 5208 --- [main] c.a.a.p.i.BasicProfileConfigLoader       : Your profile name includes a 'profile ' prefix. This is considered part of the profile name in the Java SDK, so you will need to include this prefix in your profile name when you reference this profile from your Java code.
2023-04-02 11:54:42.949  WARN 5208 --- [main] c.a.a.p.i.BasicProfileConfigLoader       : Your profile name includes a 'profile ' prefix. This is considered part of the profile name in the Java SDK, so you will need to include this prefix in your profile name when you reference this profile from your Java code.
2023-04-02 11:54:43.341  INFO 5208 --- [main] o.s.s.web.DefaultSecurityFilterChain     : Will secure Or [Ant [pattern='/resources/**']] with [org.springframework.security.web.context.request.async.WebAsyncManagerIntegrationFilter@408a0e92, org.springframework.security.web.header.HeaderWriterFilter@76e4df53, org.springframework.security.web.csrf.CsrfFilter@1cecd0a9, org.springframework.security.web.authentication.logout.LogoutFilter@eb23b9c, org.springframework.security.web.servletapi.SecurityContextHolderAwareRequestFilter@4823f4d0, org.springframework.security.web.authentication.AnonymousAuthenticationFilter@2d18d9ed, org.springframework.security.web.access.ExceptionTranslationFilter@7d5ddfac, org.springframework.security.web.access.intercept.AuthorizationFilter@741687d4]
2023-04-02 11:54:43.369  INFO 5208 --- [main] o.s.s.web.DefaultSecurityFilterChain     : Will secure any request with [org.springframework.security.web.session.DisableEncodeUrlFilter@3b32f0b4, org.springframework.security.web.context.request.async.WebAsyncManagerIntegrationFilter@77d7d2d0, org.springframework.security.web.context.SecurityContextPersistenceFilter@700b035b, org.springframework.security.web.header.HeaderWriterFilter@32c114d9, org.springframework.web.filter.CorsFilter@63075ad1, org.springframework.security.web.authentication.logout.LogoutFilter@20c55658, com.example.websevicedemo.global.config.jwt.JwtAuthenticationFilter@5fa0943d, org.springframework.security.web.savedrequest.RequestCacheAwareFilter@472dc215, org.springframework.security.web.servletapi.SecurityContextHolderAwareRequestFilter@1f031994, org.springframework.security.web.authentication.AnonymousAuthenticationFilter@73bb782d, org.springframework.security.web.session.SessionManagementFilter@2f143ea, org.springframework.security.web.access.ExceptionTranslationFilter@7ecf4608, org.springframework.security.web.access.intercept.FilterSecurityInterceptor@12f32f99]
2023-04-02 11:54:43.477  WARN 5208 --- [main] JpaBaseConfiguration$JpaWebConfiguration : spring.jpa.open-in-view is enabled by default. Therefore, database queries may be performed during view rendering. Explicitly configure spring.jpa.open-in-view to disable this warning
2023-04-02 11:54:43.652  INFO 5208 --- [main] o.s.b.a.w.s.WelcomePageHandlerMapping    : Adding welcome page template: index
2023-04-02 11:54:44.533  INFO 5208 --- [main] o.s.b.w.embedded.tomcat.TomcatWebServer  : Tomcat started on port(s): 8080 (http) with context path ''
2023-04-02 11:54:44.547  INFO 5208 --- [main] c.e.w.WebSeviceDemoApplication           : Started WebSeviceDemoApplication in 6.645 seconds (JVM running for 7.468)
2023-04-02 11:56:33.862  INFO 5208 --- [http-nio-8080-exec-1] o.a.c.c.C.[Tomcat].[localhost].[/]       : Initializing Spring DispatcherServlet 'dispatcherServlet'
2023-04-02 11:56:33.866  INFO 5208 --- [http-nio-8080-exec-1] o.s.web.servlet.DispatcherServlet        : Initializing Servlet 'dispatcherServlet'
2023-04-02 11:56:33.869  INFO 5208 --- [http-nio-8080-exec-1] o.s.web.servlet.DispatcherServlet        : Completed initialization in 3 ms
2023-04-02 11:56:34.652  INFO 5208 --- [http-nio-8080-exec-9] o.springdoc.api.AbstractOpenApiResource  : Init duration for springdoc-openapi is: 501 ms
2023-04-02 12:05:44.663  INFO 5208 --- [SpringApplicationShutdownHook] j.LocalContainerEntityManagerFactoryBean : Closing JPA EntityManagerFactory for persistence unit 'default'
2023-04-02 12:05:44.665 TRACE 5208 --- [SpringApplicationShutdownHook] o.h.type.spi.TypeConfiguration$Scope     : Handling #sessionFactoryClosed from [org.hibernate.internal.SessionFactoryImpl@666b91db] for TypeConfiguration
2023-04-02 12:05:44.665 DEBUG 5208 --- [SpringApplicationShutdownHook] o.h.type.spi.TypeConfiguration$Scope     : Un-scoping TypeConfiguration [org.hibernate.type.spi.TypeConfiguration$Scope@7c387241] from SessionFactory [org.hibernate.internal.SessionFactoryImpl@666b91db]
2023-04-02 12:05:44.670  INFO 5208 --- [SpringApplicationShutdownHook] com.zaxxer.hikari.HikariDataSource       : HikariPool-1 - Shutdown initiated...
2023-04-02 12:05:44.774  INFO 5208 --- [SpringApplicationShutdownHook] com.zaxxer.hikari.HikariDataSource       : HikariPool-1 - Shutdown completed.
